<?xml version="1.0" encoding="UTF-8"?>
<robot generator="Robot 7.1.1 (Python 3.9.6 on darwin)" generated="2024-12-07T19:02:09.330212" rpa="false" schemaversion="5">
<suite id="s1" name="Tests" source="/Users/barathkumarj/Ongoing-QA-Assignment/QA-Assignment/tests">
<suite id="s1-s1" name="Api Tests" source="/Users/barathkumarj/Ongoing-QA-Assignment/QA-Assignment/tests/api_tests">
<suite id="s1-s1-s1" name="01 Repository Api Test" source="/Users/barathkumarj/Ongoing-QA-Assignment/QA-Assignment/tests/api_tests/01_repository_api_test.robot">
<test id="s1-s1-s1-t1" name="Create Public Repository API" line="30">
<kw name="Create Repository API" owner="api_keywords">
<kw name="Create Session" owner="RequestsLibrary">
<msg time="2024-12-07T19:02:09.411783" level="INFO">Creating Session using : alias=github, url=https://api.github.com, headers={'Authorization': 'token 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'},                     cookies={}, auth=None, timeout=None, proxies=None, verify=False,                     debug=0 </msg>
<arg>github</arg>
<arg>${BASE_URL}</arg>
<arg>headers={"Authorization": "token ${TOKEN}"}</arg>
<doc>Create Session: create a HTTP session to a server</doc>
<status status="PASS" start="2024-12-07T19:02:09.411550" elapsed="0.000358"/>
</kw>
<kw name="Create Dictionary" owner="BuiltIn">
<msg time="2024-12-07T19:02:09.412269" level="INFO">${payload} = {'name': 'MyPublicRepoAPI', 'private': 'False'}</msg>
<var>${payload}</var>
<arg>name=${repo_name}</arg>
<arg>private=${is_private}</arg>
<doc>Creates and returns a dictionary based on the given ``items``.</doc>
<status status="PASS" start="2024-12-07T19:02:09.412006" elapsed="0.000308"/>
</kw>
<kw name="Post Request" owner="RequestsLibrary">
<msg time="2024-12-07T19:02:09.412460" level="WARN">Keyword 'RequestsLibrary.Post Request' is deprecated. Please use `POST On Session` instead.</msg>
<msg time="2024-12-07T19:02:10.590703" level="INFO">POST Request : url=https://api.github.com/user/repos 
 path_url=/user/repos 
 headers={'User-Agent': 'python-requests/2.32.3', 'Accept-Encoding': 'gzip, deflate', 'Accept': '*/*', 'Connection': 'keep-alive', 'Authorization': 'token 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', 'Content-Length': '47', 'Content-Type': 'application/json'} 
 body=b'{"name": "MyPublicRepoAPI", "private": "False"}' 
 </msg>
<msg time="2024-12-07T19:02:10.590821" level="INFO">POST Response : url=https://api.github.com/user/repos 
 status=201, reason=Created 
 headers={'Date': 'Sat, 07 Dec 2024 13:32:10 GMT', 'Content-Type': 'application/json; charset=utf-8', 'Content-Length': '6018', 'Cache-Control': 'private, max-age=60, s-maxage=60', 'Vary': 'Accept, Authorization, Cookie, X-GitHub-OTP,Accept-Encoding, Accept, X-Requested-With', 'ETag': '"20b28908ba871f4ce89fbab39b932055f949c914ff523e181a4bca8f024eee63"', 'X-OAuth-Scopes': 'admin:enterprise, admin:gpg_key, admin:org, admin:org_hook, admin:public_key, admin:repo_hook, admin:ssh_signing_key, audit_log, codespace, copilot, delete:packages, gist, notifications, project, repo, user, workflow, write:discussion, write:packages', 'X-Accepted-OAuth-Scopes': 'public_repo, repo', 'github-authentication-token-expiration': '2025-01-06 11:51:10 UTC', 'Location': 'https://api.github.com/repos/Barath-Git-Demo/MyPublicRepoAPI', 'X-GitHub-Media-Type': 'github.v3; format=json', 'x-github-api-version-selected': '2022-11-28', 'X-RateLimit-Limit': '5000', 'X-RateLimit-Remaining': '4982', 'X-RateLimit-Reset': '1733580199', 'X-RateLimit-Used': '18', 'X-RateLimit-Resource': 'core', 'Access-Control-Expose-Headers': 'ETag, Link, Location, Retry-After, X-GitHub-OTP, X-RateLimit-Limit, X-RateLimit-Remaining, X-RateLimit-Used, X-RateLimit-Resource, X-RateLimit-Reset, X-OAuth-Scopes, X-Accepted-OAuth-Scopes, X-Poll-Interval, X-GitHub-Media-Type, X-GitHub-SSO, X-GitHub-Request-Id, Deprecation, Sunset', 'Access-Control-Allow-Origin': '*', 'Strict-Transport-Security': 'max-age=31536000; includeSubdomains; preload', 'X-Frame-Options': 'deny', 'X-Content-Type-Options': 'nosniff', 'X-XSS-Protection': '0', 'Referrer-Policy': 'origin-when-cross-origin, strict-origin-when-cross-origin', 'Content-Security-Policy': "default-src 'none'", 'Server': 'github.com', 'X-GitHub-Request-Id': 'FA89:CA8C5:725D67:880F14:67544E59'} 
 body={"id":899956962,"node_id":"R_kgDONaRA4g","name":"MyPublicRepoAPI","full_name":"Barath-Git-Demo/MyPublicRepoAPI","private":true,"owner":{"login":"Barath-Git-Demo","id":190746031,"node_id":"U_kgDOC16Nrw","avatar_url":"https://avatars.githubusercontent.com/u/190746031?v=4","gravatar_id":"","url":"https://api.github.com/users/Barath-Git-Demo","html_url":"https://github.com/Barath-Git-Demo","followers_url":"https://api.github.com/users/Barath-Git-Demo/followers","following_url":"https://api.github.com/users/Barath-Git-Demo/following{/other_user}","gists_url":"https://api.github.com/users/Barath-Git-Demo/gists{/gist_id}","starred_url":"https://api.github.com/users/Barath-Git-Demo/starred{/owner}{/repo}","subscriptions_url":"https://api.github.com/users/Barath-Git-Demo/subscriptions","organizations_url":"https://api.github.com/users/Barath-Git-Demo/orgs","repos_url":"https://api.github.com/users/Barath-Git-Demo/repos","events_url":"https://api.github.com/users/Barath-Git-Demo/events{/privacy}","received_events_url":"https://api.github.com/users/Barath-Git-Demo/received_events","type":"User","user_view_type":"public","site_admin":false},"html_url":"https://github.com/Barath-Git-Demo/MyPublicRepoAPI","description":null,"fork":false,"url":"https://api.github.com/repos/Barath-Git-Demo/MyPublicRepoAPI","forks_url":"https://api.github.com/repos/Barath-Git-Demo/MyPublicRepoAPI/forks","keys_url":"https://api.github.com/repos/Barath-Git-Demo/MyPublicRepoAPI/keys{/key_id}","collaborators_url":"https://api.github.com/repos/Barath-Git-Demo/MyPublicRepoAPI/collaborators{/collaborator}","teams_url":"https://api.github.com/repos/Barath-Git-Demo/MyPublicRepoAPI/teams","hooks_url":"https://api.github.com/repos/Barath-Git-Demo/MyPublicRepoAPI/hooks","issue_events_url":"https://api.github.com/repos/Barath-Git-Demo/MyPublicRepoAPI/issues/events{/number}","events_url":"https://api.github.com/repos/Barath-Git-Demo/MyPublicRepoAPI/events","assignees_url":"https://api.github.com/repos/Barath-Git-Demo/MyPublicRepoAPI/assignees{/user}","branches_url":"https://api.github.com/repos/Barath-Git-Demo/MyPublicRepoAPI/branches{/branch}","tags_url":"https://api.github.com/repos/Barath-Git-Demo/MyPublicRepoAPI/tags","blobs_url":"https://api.github.com/repos/Barath-Git-Demo/MyPublicRepoAPI/git/blobs{/sha}","git_tags_url":"https://api.github.com/repos/Barath-Git-Demo/MyPublicRepoAPI/git/tags{/sha}","git_refs_url":"https://api.github.com/repos/Barath-Git-Demo/MyPublicRepoAPI/git/refs{/sha}","trees_url":"https://api.github.com/repos/Barath-Git-Demo/MyPublicRepoAPI/git/trees{/sha}","statuses_url":"https://api.github.com/repos/Barath-Git-Demo/MyPublicRepoAPI/statuses/{sha}","languages_url":"https://api.github.com/repos/Barath-Git-Demo/MyPublicRepoAPI/languages","stargazers_url":"https://api.github.com/repos/Barath-Git-Demo/MyPublicRepoAPI/stargazers","contributors_url":"https://api.github.com/repos/Barath-Git-Demo/MyPublicRepoAPI/contributors","subscribers_url":"https://api.github.com/repos/Barath-Git-Demo/MyPublicRepoAPI/subscribers","subscription_url":"https://api.github.com/repos/Barath-Git-Demo/MyPublicRepoAPI/subscription","commits_url":"https://api.github.com/repos/Barath-Git-Demo/MyPublicRepoAPI/commits{/sha}","git_commits_url":"https://api.github.com/repos/Barath-Git-Demo/MyPublicRepoAPI/git/commits{/sha}","comments_url":"https://api.github.com/repos/Barath-Git-Demo/MyPublicRepoAPI/comments{/number}","issue_comment_url":"https://api.github.com/repos/Barath-Git-Demo/MyPublicRepoAPI/issues/comments{/number}","contents_url":"https://api.github.com/repos/Barath-Git-Demo/MyPublicRepoAPI/contents/{+path}","compare_url":"https://api.github.com/repos/Barath-Git-Demo/MyPublicRepoAPI/compare/{base}...{head}","merges_url":"https://api.github.com/repos/Barath-Git-Demo/MyPublicRepoAPI/merges","archive_url":"https://api.github.com/repos/Barath-Git-Demo/MyPublicRepoAPI/{archive_format}{/ref}","downloads_url":"https://api.github.com/repos/Barath-Git-Demo/MyPublicRepoAPI/downloads","issues_url":"https://api.github.com/repos/Barath-Git-Demo/MyPublicRepoAPI/issues{/number}","pulls_url":"https://api.github.com/repos/Barath-Git-Demo/MyPublicRepoAPI/pulls{/number}","milestones_url":"https://api.github.com/repos/Barath-Git-Demo/MyPublicRepoAPI/milestones{/number}","notifications_url":"https://api.github.com/repos/Barath-Git-Demo/MyPublicRepoAPI/notifications{?since,all,participating}","labels_url":"https://api.github.com/repos/Barath-Git-Demo/MyPublicRepoAPI/labels{/name}","releases_url":"https://api.github.com/repos/Barath-Git-Demo/MyPublicRepoAPI/releases{/id}","deployments_url":"https://api.github.com/repos/Barath-Git-Demo/MyPublicRepoAPI/deployments","created_at":"2024-12-07T13:32:09Z","updated_at":"2024-12-07T13:32:10Z","pushed_at":"2024-12-07T13:32:10Z","git_url":"git://github.com/Barath-Git-Demo/MyPublicRepoAPI.git","ssh_url":"git@github.com:Barath-Git-Demo/MyPublicRepoAPI.git","clone_url":"https://github.com/Barath-Git-Demo/MyPublicRepoAPI.git","svn_url":"https://github.com/Barath-Git-Demo/MyPublicRepoAPI","homepage":null,"size":0,"stargazers_count":0,"watchers_count":0,"language":null,"has_issues":true,"has_projects":true,"has_downloads":true,"has_wiki":false,"has_pages":false,"has_discussions":false,"forks_count":0,"mirror_url":null,"archived":false,"disabled":false,"open_issues_count":0,"license":null,"allow_forking":true,"is_template":false,"web_commit_signoff_required":false,"topics":[],"visibility":"private","forks":0,"open_issues":0,"watchers":0,"default_branch":"main","permissions":{"admin":true,"maintain":true,"push":true,"triage":true,"pull":true},"allow_squash_merge":true,"allow_merge_commit":true,"allow_rebase_merge":true,"allow_auto_merge":false,"delete_branch_on_merge":false,"allow_update_branch":false,"use_squash_pr_title_as_default":false,"squash_merge_commit_message":"COMMIT_MESSAGES","squash_merge_commit_title":"COMMIT_OR_PR_TITLE","merge_commit_message":"PR_TITLE","merge_commit_title":"MERGE_MESSAGE","network_count":0,"subscribers_count":0} 
 </msg>
<msg time="2024-12-07T19:02:10.590927" level="INFO">/Users/barathkumarj/Library/Python/3.9/lib/python/site-packages/urllib3/connectionpool.py:1099: InsecureRequestWarning: Unverified HTTPS request is being made to host 'api.github.com'. Adding certificate verification is strongly advised. See: https://urllib3.readthedocs.io/en/latest/advanced-usage.html#tls-warnings
  warnings.warn(</msg>
<msg time="2024-12-07T19:02:10.591125" level="INFO">${response} = &lt;Response [201]&gt;</msg>
<var>${response}</var>
<arg>github</arg>
<arg>/user/repos</arg>
<arg>json=${payload}</arg>
<doc>*DEPRECATED* Please use `POST On Session` instead.</doc>
<status status="PASS" start="2024-12-07T19:02:09.412442" elapsed="1.178705"/>
</kw>
<kw name="Should Be Equal As Numbers" owner="BuiltIn">
<msg time="2024-12-07T19:02:10.591741" level="INFO">Argument types are:
&lt;class 'int'&gt;
&lt;class 'str'&gt;</msg>
<arg>${response.status_code}</arg>
<arg>201</arg>
<doc>Fails if objects are unequal after converting them to real numbers.</doc>
<status status="PASS" start="2024-12-07T19:02:10.591309" elapsed="0.000484"/>
</kw>
<kw name="Log" owner="BuiltIn">
<msg time="2024-12-07T19:02:10.592331" level="INFO">{'id': 899956962, 'node_id': 'R_kgDONaRA4g', 'name': 'MyPublicRepoAPI', 'full_name': 'Barath-Git-Demo/MyPublicRepoAPI', 'private': True, 'owner': {'login': 'Barath-Git-Demo', 'id': 190746031, 'node_id': 'U_kgDOC16Nrw', 'avatar_url': 'https://avatars.githubusercontent.com/u/190746031?v=4', 'gravatar_id': '', 'url': 'https://api.github.com/users/Barath-Git-Demo', 'html_url': 'https://github.com/Barath-Git-Demo', 'followers_url': 'https://api.github.com/users/Barath-Git-Demo/followers', 'following_url': 'https://api.github.com/users/Barath-Git-Demo/following{/other_user}', 'gists_url': 'https://api.github.com/users/Barath-Git-Demo/gists{/gist_id}', 'starred_url': 'https://api.github.com/users/Barath-Git-Demo/starred{/owner}{/repo}', 'subscriptions_url': 'https://api.github.com/users/Barath-Git-Demo/subscriptions', 'organizations_url': 'https://api.github.com/users/Barath-Git-Demo/orgs', 'repos_url': 'https://api.github.com/users/Barath-Git-Demo/repos', 'events_url': 'https://api.github.com/users/Barath-Git-Demo/events{/privacy}', 'received_events_url': 'https://api.github.com/users/Barath-Git-Demo/received_events', 'type': 'User', 'user_view_type': 'public', 'site_admin': False}, 'html_url': 'https://github.com/Barath-Git-Demo/MyPublicRepoAPI', 'description': None, 'fork': False, 'url': 'https://api.github.com/repos/Barath-Git-Demo/MyPublicRepoAPI', 'forks_url': 'https://api.github.com/repos/Barath-Git-Demo/MyPublicRepoAPI/forks', 'keys_url': 'https://api.github.com/repos/Barath-Git-Demo/MyPublicRepoAPI/keys{/key_id}', 'collaborators_url': 'https://api.github.com/repos/Barath-Git-Demo/MyPublicRepoAPI/collaborators{/collaborator}', 'teams_url': 'https://api.github.com/repos/Barath-Git-Demo/MyPublicRepoAPI/teams', 'hooks_url': 'https://api.github.com/repos/Barath-Git-Demo/MyPublicRepoAPI/hooks', 'issue_events_url': 'https://api.github.com/repos/Barath-Git-Demo/MyPublicRepoAPI/issues/events{/number}', 'events_url': 'https://api.github.com/repos/Barath-Git-Demo/MyPublicRepoAPI/events', 'assignees_url': 'https://api.github.com/repos/Barath-Git-Demo/MyPublicRepoAPI/assignees{/user}', 'branches_url': 'https://api.github.com/repos/Barath-Git-Demo/MyPublicRepoAPI/branches{/branch}', 'tags_url': 'https://api.github.com/repos/Barath-Git-Demo/MyPublicRepoAPI/tags', 'blobs_url': 'https://api.github.com/repos/Barath-Git-Demo/MyPublicRepoAPI/git/blobs{/sha}', 'git_tags_url': 'https://api.github.com/repos/Barath-Git-Demo/MyPublicRepoAPI/git/tags{/sha}', 'git_refs_url': 'https://api.github.com/repos/Barath-Git-Demo/MyPublicRepoAPI/git/refs{/sha}', 'trees_url': 'https://api.github.com/repos/Barath-Git-Demo/MyPublicRepoAPI/git/trees{/sha}', 'statuses_url': 'https://api.github.com/repos/Barath-Git-Demo/MyPublicRepoAPI/statuses/{sha}', 'languages_url': 'https://api.github.com/repos/Barath-Git-Demo/MyPublicRepoAPI/languages', 'stargazers_url': 'https://api.github.com/repos/Barath-Git-Demo/MyPublicRepoAPI/stargazers', 'contributors_url': 'https://api.github.com/repos/Barath-Git-Demo/MyPublicRepoAPI/contributors', 'subscribers_url': 'https://api.github.com/repos/Barath-Git-Demo/MyPublicRepoAPI/subscribers', 'subscription_url': 'https://api.github.com/repos/Barath-Git-Demo/MyPublicRepoAPI/subscription', 'commits_url': 'https://api.github.com/repos/Barath-Git-Demo/MyPublicRepoAPI/commits{/sha}', 'git_commits_url': 'https://api.github.com/repos/Barath-Git-Demo/MyPublicRepoAPI/git/commits{/sha}', 'comments_url': 'https://api.github.com/repos/Barath-Git-Demo/MyPublicRepoAPI/comments{/number}', 'issue_comment_url': 'https://api.github.com/repos/Barath-Git-Demo/MyPublicRepoAPI/issues/comments{/number}', 'contents_url': 'https://api.github.com/repos/Barath-Git-Demo/MyPublicRepoAPI/contents/{+path}', 'compare_url': 'https://api.github.com/repos/Barath-Git-Demo/MyPublicRepoAPI/compare/{base}...{head}', 'merges_url': 'https://api.github.com/repos/Barath-Git-Demo/MyPublicRepoAPI/merges', 'archive_url': 'https://api.github.com/repos/Barath-Git-Demo/MyPublicRepoAPI/{archive_format}{/ref}', 'downloads_url': 'https://api.github.com/repos/Barath-Git-Demo/MyPublicRepoAPI/downloads', 'issues_url': 'https://api.github.com/repos/Barath-Git-Demo/MyPublicRepoAPI/issues{/number}', 'pulls_url': 'https://api.github.com/repos/Barath-Git-Demo/MyPublicRepoAPI/pulls{/number}', 'milestones_url': 'https://api.github.com/repos/Barath-Git-Demo/MyPublicRepoAPI/milestones{/number}', 'notifications_url': 'https://api.github.com/repos/Barath-Git-Demo/MyPublicRepoAPI/notifications{?since,all,participating}', 'labels_url': 'https://api.github.com/repos/Barath-Git-Demo/MyPublicRepoAPI/labels{/name}', 'releases_url': 'https://api.github.com/repos/Barath-Git-Demo/MyPublicRepoAPI/releases{/id}', 'deployments_url': 'https://api.github.com/repos/Barath-Git-Demo/MyPublicRepoAPI/deployments', 'created_at': '2024-12-07T13:32:09Z', 'updated_at': '2024-12-07T13:32:10Z', 'pushed_at': '2024-12-07T13:32:10Z', 'git_url': 'git://github.com/Barath-Git-Demo/MyPublicRepoAPI.git', 'ssh_url': 'git@github.com:Barath-Git-Demo/MyPublicRepoAPI.git', 'clone_url': 'https://github.com/Barath-Git-Demo/MyPublicRepoAPI.git', 'svn_url': 'https://github.com/Barath-Git-Demo/MyPublicRepoAPI', 'homepage': None, 'size': 0, 'stargazers_count': 0, 'watchers_count': 0, 'language': None, 'has_issues': True, 'has_projects': True, 'has_downloads': True, 'has_wiki': False, 'has_pages': False, 'has_discussions': False, 'forks_count': 0, 'mirror_url': None, 'archived': False, 'disabled': False, 'open_issues_count': 0, 'license': None, 'allow_forking': True, 'is_template': False, 'web_commit_signoff_required': False, 'topics': [], 'visibility': 'private', 'forks': 0, 'open_issues': 0, 'watchers': 0, 'default_branch': 'main', 'permissions': {'admin': True, 'maintain': True, 'push': True, 'triage': True, 'pull': True}, 'allow_squash_merge': True, 'allow_merge_commit': True, 'allow_rebase_merge': True, 'allow_auto_merge': False, 'delete_branch_on_merge': False, 'allow_update_branch': False, 'use_squash_pr_title_as_default': False, 'squash_merge_commit_message': 'COMMIT_MESSAGES', 'squash_merge_commit_title': 'COMMIT_OR_PR_TITLE', 'merge_commit_message': 'PR_TITLE', 'merge_commit_title': 'MERGE_MESSAGE', 'network_count': 0, 'subscribers_count': 0}</msg>
<arg>${response.json()}</arg>
<doc>Logs the given message with the given level.</doc>
<status status="PASS" start="2024-12-07T19:02:10.591886" elapsed="0.000521"/>
</kw>
<arg>MyPublicRepoAPI</arg>
<arg>is_private=False</arg>
<status status="PASS" start="2024-12-07T19:02:09.411202" elapsed="1.181259"/>
</kw>
<doc>Verifies that a public repository can be created using the GitHub API.</doc>
<status status="PASS" start="2024-12-07T19:02:09.410741" elapsed="1.181855"/>
</test>
<test id="s1-s1-s1-t2" name="Fetch Repository Details API" line="35">
<kw name="Fetch Repository Details API" owner="api_keywords">
<kw name="Create Session" owner="RequestsLibrary">
<msg time="2024-12-07T19:02:10.593540" level="INFO">Creating Session using : alias=github, url=https://api.github.com, headers={'Authorization': 'token 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'},                     cookies={}, auth=None, timeout=None, proxies=None, verify=False,                     debug=0 </msg>
<arg>github</arg>
<arg>${BASE_URL}</arg>
<arg>headers={"Authorization": "token ${TOKEN}"}</arg>
<doc>Create Session: create a HTTP session to a server</doc>
<status status="PASS" start="2024-12-07T19:02:10.593341" elapsed="0.000348"/>
</kw>
<kw name="Get Request" owner="RequestsLibrary">
<msg time="2024-12-07T19:02:10.593795" level="WARN">Keyword 'RequestsLibrary.Get Request' is deprecated. Please use `GET On Session` instead.</msg>
<msg time="2024-12-07T19:02:11.052847" level="INFO">GET Request : url=https://api.github.com/repos/Barath-Git-Demo/MyPublicRepoAPI 
 path_url=/repos/Barath-Git-Demo/MyPublicRepoAPI 
 headers={'User-Agent': 'python-requests/2.32.3', 'Accept-Encoding': 'gzip, deflate', 'Accept': '*/*', 'Connection': 'keep-alive', 'Authorization': 'token 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'} 
 body=None 
 </msg>
<msg time="2024-12-07T19:02:11.053233" level="INFO">GET Response : url=https://api.github.com/repos/Barath-Git-Demo/MyPublicRepoAPI 
 status=200, reason=OK 
 headers={'Date': 'Sat, 07 Dec 2024 13:32:11 GMT', 'Content-Type': 'application/json; charset=utf-8', 'Cache-Control': 'private, max-age=60, s-maxage=60', 'Vary': 'Accept, Authorization, Cookie, X-GitHub-OTP,Accept-Encoding, Accept, X-Requested-With', 'ETag': 'W/"e2b47afe31e97ea7448c752ab79586ae72fcc4f206f7894a73852b8bdc0761ce"', 'Last-Modified': 'Sat, 07 Dec 2024 13:32:10 GMT', 'X-OAuth-Scopes': 'admin:enterprise, admin:gpg_key, admin:org, admin:org_hook, admin:public_key, admin:repo_hook, admin:ssh_signing_key, audit_log, codespace, copilot, delete:packages, gist, notifications, project, repo, user, workflow, write:discussion, write:packages', 'X-Accepted-OAuth-Scopes': 'repo', 'github-authentication-token-expiration': '2025-01-06 11:51:10 UTC', 'X-GitHub-Media-Type': 'github.v3; format=json', 'x-github-api-version-selected': '2022-11-28', 'X-RateLimit-Limit': '5000', 'X-RateLimit-Remaining': '4981', 'X-RateLimit-Reset': '1733580199', 'X-RateLimit-Used': '19', 'X-RateLimit-Resource': 'core', 'Access-Control-Expose-Headers': 'ETag, Link, Location, Retry-After, X-GitHub-OTP, X-RateLimit-Limit, X-RateLimit-Remaining, X-RateLimit-Used, X-RateLimit-Resource, X-RateLimit-Reset, X-OAuth-Scopes, X-Accepted-OAuth-Scopes, X-Poll-Interval, X-GitHub-Media-Type, X-GitHub-SSO, X-GitHub-Request-Id, Deprecation, Sunset', 'Access-Control-Allow-Origin': '*', 'Strict-Transport-Security': 'max-age=31536000; includeSubdomains; preload', 'X-Frame-Options': 'deny', 'X-Content-Type-Options': 'nosniff', 'X-XSS-Protection': '0', 'Referrer-Policy': 'origin-when-cross-origin, strict-origin-when-cross-origin', 'Content-Security-Policy': "default-src 'none'", 'Content-Encoding': 'gzip', 'Transfer-Encoding': 'chunked', 'Server': 'github.com', 'X-GitHub-Request-Id': 'FA8E:138614:4C6B7:59CB6:67544E5A'} 
 body={"id":899956962,"node_id":"R_kgDONaRA4g","name":"MyPublicRepoAPI","full_name":"Barath-Git-Demo/MyPublicRepoAPI","private":true,"owner":{"login":"Barath-Git-Demo","id":190746031,"node_id":"U_kgDOC16Nrw","avatar_url":"https://avatars.githubusercontent.com/u/190746031?v=4","gravatar_id":"","url":"https://api.github.com/users/Barath-Git-Demo","html_url":"https://github.com/Barath-Git-Demo","followers_url":"https://api.github.com/users/Barath-Git-Demo/followers","following_url":"https://api.github.com/users/Barath-Git-Demo/following{/other_user}","gists_url":"https://api.github.com/users/Barath-Git-Demo/gists{/gist_id}","starred_url":"https://api.github.com/users/Barath-Git-Demo/starred{/owner}{/repo}","subscriptions_url":"https://api.github.com/users/Barath-Git-Demo/subscriptions","organizations_url":"https://api.github.com/users/Barath-Git-Demo/orgs","repos_url":"https://api.github.com/users/Barath-Git-Demo/repos","events_url":"https://api.github.com/users/Barath-Git-Demo/events{/privacy}","received_events_url":"https://api.github.com/users/Barath-Git-Demo/received_events","type":"User","user_view_type":"public","site_admin":false},"html_url":"https://github.com/Barath-Git-Demo/MyPublicRepoAPI","description":null,"fork":false,"url":"https://api.github.com/repos/Barath-Git-Demo/MyPublicRepoAPI","forks_url":"https://api.github.com/repos/Barath-Git-Demo/MyPublicRepoAPI/forks","keys_url":"https://api.github.com/repos/Barath-Git-Demo/MyPublicRepoAPI/keys{/key_id}","collaborators_url":"https://api.github.com/repos/Barath-Git-Demo/MyPublicRepoAPI/collaborators{/collaborator}","teams_url":"https://api.github.com/repos/Barath-Git-Demo/MyPublicRepoAPI/teams","hooks_url":"https://api.github.com/repos/Barath-Git-Demo/MyPublicRepoAPI/hooks","issue_events_url":"https://api.github.com/repos/Barath-Git-Demo/MyPublicRepoAPI/issues/events{/number}","events_url":"https://api.github.com/repos/Barath-Git-Demo/MyPublicRepoAPI/events","assignees_url":"https://api.github.com/repos/Barath-Git-Demo/MyPublicRepoAPI/assignees{/user}","branches_url":"https://api.github.com/repos/Barath-Git-Demo/MyPublicRepoAPI/branches{/branch}","tags_url":"https://api.github.com/repos/Barath-Git-Demo/MyPublicRepoAPI/tags","blobs_url":"https://api.github.com/repos/Barath-Git-Demo/MyPublicRepoAPI/git/blobs{/sha}","git_tags_url":"https://api.github.com/repos/Barath-Git-Demo/MyPublicRepoAPI/git/tags{/sha}","git_refs_url":"https://api.github.com/repos/Barath-Git-Demo/MyPublicRepoAPI/git/refs{/sha}","trees_url":"https://api.github.com/repos/Barath-Git-Demo/MyPublicRepoAPI/git/trees{/sha}","statuses_url":"https://api.github.com/repos/Barath-Git-Demo/MyPublicRepoAPI/statuses/{sha}","languages_url":"https://api.github.com/repos/Barath-Git-Demo/MyPublicRepoAPI/languages","stargazers_url":"https://api.github.com/repos/Barath-Git-Demo/MyPublicRepoAPI/stargazers","contributors_url":"https://api.github.com/repos/Barath-Git-Demo/MyPublicRepoAPI/contributors","subscribers_url":"https://api.github.com/repos/Barath-Git-Demo/MyPublicRepoAPI/subscribers","subscription_url":"https://api.github.com/repos/Barath-Git-Demo/MyPublicRepoAPI/subscription","commits_url":"https://api.github.com/repos/Barath-Git-Demo/MyPublicRepoAPI/commits{/sha}","git_commits_url":"https://api.github.com/repos/Barath-Git-Demo/MyPublicRepoAPI/git/commits{/sha}","comments_url":"https://api.github.com/repos/Barath-Git-Demo/MyPublicRepoAPI/comments{/number}","issue_comment_url":"https://api.github.com/repos/Barath-Git-Demo/MyPublicRepoAPI/issues/comments{/number}","contents_url":"https://api.github.com/repos/Barath-Git-Demo/MyPublicRepoAPI/contents/{+path}","compare_url":"https://api.github.com/repos/Barath-Git-Demo/MyPublicRepoAPI/compare/{base}...{head}","merges_url":"https://api.github.com/repos/Barath-Git-Demo/MyPublicRepoAPI/merges","archive_url":"https://api.github.com/repos/Barath-Git-Demo/MyPublicRepoAPI/{archive_format}{/ref}","downloads_url":"https://api.github.com/repos/Barath-Git-Demo/MyPublicRepoAPI/downloads","issues_url":"https://api.github.com/repos/Barath-Git-Demo/MyPublicRepoAPI/issues{/number}","pulls_url":"https://api.github.com/repos/Barath-Git-Demo/MyPublicRepoAPI/pulls{/number}","milestones_url":"https://api.github.com/repos/Barath-Git-Demo/MyPublicRepoAPI/milestones{/number}","notifications_url":"https://api.github.com/repos/Barath-Git-Demo/MyPublicRepoAPI/notifications{?since,all,participating}","labels_url":"https://api.github.com/repos/Barath-Git-Demo/MyPublicRepoAPI/labels{/name}","releases_url":"https://api.github.com/repos/Barath-Git-Demo/MyPublicRepoAPI/releases{/id}","deployments_url":"https://api.github.com/repos/Barath-Git-Demo/MyPublicRepoAPI/deployments","created_at":"2024-12-07T13:32:09Z","updated_at":"2024-12-07T13:32:10Z","pushed_at":"2024-12-07T13:32:10Z","git_url":"git://github.com/Barath-Git-Demo/MyPublicRepoAPI.git","ssh_url":"git@github.com:Barath-Git-Demo/MyPublicRepoAPI.git","clone_url":"https://github.com/Barath-Git-Demo/MyPublicRepoAPI.git","svn_url":"https://github.com/Barath-Git-Demo/MyPublicRepoAPI","homepage":null,"size":0,"stargazers_count":0,"watchers_count":0,"language":null,"has_issues":true,"has_projects":true,"has_downloads":true,"has_wiki":false,"has_pages":false,"has_discussions":false,"forks_count":0,"mirror_url":null,"archived":false,"disabled":false,"open_issues_count":0,"license":null,"allow_forking":true,"is_template":false,"web_commit_signoff_required":false,"topics":[],"visibility":"private","forks":0,"open_issues":0,"watchers":0,"default_branch":"main","permissions":{"admin":true,"maintain":true,"push":true,"triage":true,"pull":true},"temp_clone_token":"BNPI3LYHFGH3YKEDKK3FVJTHKRHYM","allow_squash_merge":true,"allow_merge_commit":true,"allow_rebase_merge":true,"allow_auto_merge":false,"delete_branch_on_merge":false,"allow_update_branch":false,"use_squash_pr_title_as_default":false,"squash_merge_commit_message":"COMMIT_MESSAGES","squash_merge_commit_title":"COMMIT_OR_PR_TITLE","merge_commit_message":"PR_TITLE","merge_commit_title":"MERGE_MESSAGE","network_count":0,"subscribers_count":1} 
 </msg>
<msg time="2024-12-07T19:02:11.053505" level="INFO">/Users/barathkumarj/Library/Python/3.9/lib/python/site-packages/urllib3/connectionpool.py:1099: InsecureRequestWarning: Unverified HTTPS request is being made to host 'api.github.com'. Adding certificate verification is strongly advised. See: https://urllib3.readthedocs.io/en/latest/advanced-usage.html#tls-warnings
  warnings.warn(</msg>
<msg time="2024-12-07T19:02:11.053896" level="INFO">${response} = &lt;Response [200]&gt;</msg>
<var>${response}</var>
<arg>github</arg>
<arg>/repos/Barath-Git-Demo/${repo_name}</arg>
<doc>*DEPRECATED* Please use `GET On Session` instead.</doc>
<status status="PASS" start="2024-12-07T19:02:10.593778" elapsed="0.460172"/>
</kw>
<kw name="Should Be Equal As Numbers" owner="BuiltIn">
<msg time="2024-12-07T19:02:11.055705" level="INFO">Argument types are:
&lt;class 'int'&gt;
&lt;class 'str'&gt;</msg>
<arg>${response.status_code}</arg>
<arg>200</arg>
<doc>Fails if objects are unequal after converting them to real numbers.</doc>
<status status="PASS" start="2024-12-07T19:02:11.054483" elapsed="0.001347"/>
</kw>
<kw name="Log" owner="BuiltIn">
<msg time="2024-12-07T19:02:11.056903" level="INFO">{'id': 899956962, 'node_id': 'R_kgDONaRA4g', 'name': 'MyPublicRepoAPI', 'full_name': 'Barath-Git-Demo/MyPublicRepoAPI', 'private': True, 'owner': {'login': 'Barath-Git-Demo', 'id': 190746031, 'node_id': 'U_kgDOC16Nrw', 'avatar_url': 'https://avatars.githubusercontent.com/u/190746031?v=4', 'gravatar_id': '', 'url': 'https://api.github.com/users/Barath-Git-Demo', 'html_url': 'https://github.com/Barath-Git-Demo', 'followers_url': 'https://api.github.com/users/Barath-Git-Demo/followers', 'following_url': 'https://api.github.com/users/Barath-Git-Demo/following{/other_user}', 'gists_url': 'https://api.github.com/users/Barath-Git-Demo/gists{/gist_id}', 'starred_url': 'https://api.github.com/users/Barath-Git-Demo/starred{/owner}{/repo}', 'subscriptions_url': 'https://api.github.com/users/Barath-Git-Demo/subscriptions', 'organizations_url': 'https://api.github.com/users/Barath-Git-Demo/orgs', 'repos_url': 'https://api.github.com/users/Barath-Git-Demo/repos', 'events_url': 'https://api.github.com/users/Barath-Git-Demo/events{/privacy}', 'received_events_url': 'https://api.github.com/users/Barath-Git-Demo/received_events', 'type': 'User', 'user_view_type': 'public', 'site_admin': False}, 'html_url': 'https://github.com/Barath-Git-Demo/MyPublicRepoAPI', 'description': None, 'fork': False, 'url': 'https://api.github.com/repos/Barath-Git-Demo/MyPublicRepoAPI', 'forks_url': 'https://api.github.com/repos/Barath-Git-Demo/MyPublicRepoAPI/forks', 'keys_url': 'https://api.github.com/repos/Barath-Git-Demo/MyPublicRepoAPI/keys{/key_id}', 'collaborators_url': 'https://api.github.com/repos/Barath-Git-Demo/MyPublicRepoAPI/collaborators{/collaborator}', 'teams_url': 'https://api.github.com/repos/Barath-Git-Demo/MyPublicRepoAPI/teams', 'hooks_url': 'https://api.github.com/repos/Barath-Git-Demo/MyPublicRepoAPI/hooks', 'issue_events_url': 'https://api.github.com/repos/Barath-Git-Demo/MyPublicRepoAPI/issues/events{/number}', 'events_url': 'https://api.github.com/repos/Barath-Git-Demo/MyPublicRepoAPI/events', 'assignees_url': 'https://api.github.com/repos/Barath-Git-Demo/MyPublicRepoAPI/assignees{/user}', 'branches_url': 'https://api.github.com/repos/Barath-Git-Demo/MyPublicRepoAPI/branches{/branch}', 'tags_url': 'https://api.github.com/repos/Barath-Git-Demo/MyPublicRepoAPI/tags', 'blobs_url': 'https://api.github.com/repos/Barath-Git-Demo/MyPublicRepoAPI/git/blobs{/sha}', 'git_tags_url': 'https://api.github.com/repos/Barath-Git-Demo/MyPublicRepoAPI/git/tags{/sha}', 'git_refs_url': 'https://api.github.com/repos/Barath-Git-Demo/MyPublicRepoAPI/git/refs{/sha}', 'trees_url': 'https://api.github.com/repos/Barath-Git-Demo/MyPublicRepoAPI/git/trees{/sha}', 'statuses_url': 'https://api.github.com/repos/Barath-Git-Demo/MyPublicRepoAPI/statuses/{sha}', 'languages_url': 'https://api.github.com/repos/Barath-Git-Demo/MyPublicRepoAPI/languages', 'stargazers_url': 'https://api.github.com/repos/Barath-Git-Demo/MyPublicRepoAPI/stargazers', 'contributors_url': 'https://api.github.com/repos/Barath-Git-Demo/MyPublicRepoAPI/contributors', 'subscribers_url': 'https://api.github.com/repos/Barath-Git-Demo/MyPublicRepoAPI/subscribers', 'subscription_url': 'https://api.github.com/repos/Barath-Git-Demo/MyPublicRepoAPI/subscription', 'commits_url': 'https://api.github.com/repos/Barath-Git-Demo/MyPublicRepoAPI/commits{/sha}', 'git_commits_url': 'https://api.github.com/repos/Barath-Git-Demo/MyPublicRepoAPI/git/commits{/sha}', 'comments_url': 'https://api.github.com/repos/Barath-Git-Demo/MyPublicRepoAPI/comments{/number}', 'issue_comment_url': 'https://api.github.com/repos/Barath-Git-Demo/MyPublicRepoAPI/issues/comments{/number}', 'contents_url': 'https://api.github.com/repos/Barath-Git-Demo/MyPublicRepoAPI/contents/{+path}', 'compare_url': 'https://api.github.com/repos/Barath-Git-Demo/MyPublicRepoAPI/compare/{base}...{head}', 'merges_url': 'https://api.github.com/repos/Barath-Git-Demo/MyPublicRepoAPI/merges', 'archive_url': 'https://api.github.com/repos/Barath-Git-Demo/MyPublicRepoAPI/{archive_format}{/ref}', 'downloads_url': 'https://api.github.com/repos/Barath-Git-Demo/MyPublicRepoAPI/downloads', 'issues_url': 'https://api.github.com/repos/Barath-Git-Demo/MyPublicRepoAPI/issues{/number}', 'pulls_url': 'https://api.github.com/repos/Barath-Git-Demo/MyPublicRepoAPI/pulls{/number}', 'milestones_url': 'https://api.github.com/repos/Barath-Git-Demo/MyPublicRepoAPI/milestones{/number}', 'notifications_url': 'https://api.github.com/repos/Barath-Git-Demo/MyPublicRepoAPI/notifications{?since,all,participating}', 'labels_url': 'https://api.github.com/repos/Barath-Git-Demo/MyPublicRepoAPI/labels{/name}', 'releases_url': 'https://api.github.com/repos/Barath-Git-Demo/MyPublicRepoAPI/releases{/id}', 'deployments_url': 'https://api.github.com/repos/Barath-Git-Demo/MyPublicRepoAPI/deployments', 'created_at': '2024-12-07T13:32:09Z', 'updated_at': '2024-12-07T13:32:10Z', 'pushed_at': '2024-12-07T13:32:10Z', 'git_url': 'git://github.com/Barath-Git-Demo/MyPublicRepoAPI.git', 'ssh_url': 'git@github.com:Barath-Git-Demo/MyPublicRepoAPI.git', 'clone_url': 'https://github.com/Barath-Git-Demo/MyPublicRepoAPI.git', 'svn_url': 'https://github.com/Barath-Git-Demo/MyPublicRepoAPI', 'homepage': None, 'size': 0, 'stargazers_count': 0, 'watchers_count': 0, 'language': None, 'has_issues': True, 'has_projects': True, 'has_downloads': True, 'has_wiki': False, 'has_pages': False, 'has_discussions': False, 'forks_count': 0, 'mirror_url': None, 'archived': False, 'disabled': False, 'open_issues_count': 0, 'license': None, 'allow_forking': True, 'is_template': False, 'web_commit_signoff_required': False, 'topics': [], 'visibility': 'private', 'forks': 0, 'open_issues': 0, 'watchers': 0, 'default_branch': 'main', 'permissions': {'admin': True, 'maintain': True, 'push': True, 'triage': True, 'pull': True}, 'temp_clone_token': 'BNPI3LYHFGH3YKEDKK3FVJTHKRHYM', 'allow_squash_merge': True, 'allow_merge_commit': True, 'allow_rebase_merge': True, 'allow_auto_merge': False, 'delete_branch_on_merge': False, 'allow_update_branch': False, 'use_squash_pr_title_as_default': False, 'squash_merge_commit_message': 'COMMIT_MESSAGES', 'squash_merge_commit_title': 'COMMIT_OR_PR_TITLE', 'merge_commit_message': 'PR_TITLE', 'merge_commit_title': 'MERGE_MESSAGE', 'network_count': 0, 'subscribers_count': 1}</msg>
<arg>${response.json()}</arg>
<doc>Logs the given message with the given level.</doc>
<status status="PASS" start="2024-12-07T19:02:11.056021" elapsed="0.001046"/>
</kw>
<arg>MyPublicRepoAPI</arg>
<status status="PASS" start="2024-12-07T19:02:10.593143" elapsed="0.464065"/>
</kw>
<doc>Verifies that repository details are fetched correctly using the GitHub API.</doc>
<status status="PASS" start="2024-12-07T19:02:10.592755" elapsed="0.464794"/>
</test>
<test id="s1-s1-s1-t3" name="Create Private Repository API" line="40">
<kw name="Create Repository API" owner="api_keywords">
<kw name="Create Session" owner="RequestsLibrary">
<msg time="2024-12-07T19:02:11.060244" level="INFO">Creating Session using : alias=github, url=https://api.github.com, headers={'Authorization': 'token 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'},                     cookies={}, auth=None, timeout=None, proxies=None, verify=False,                     debug=0 </msg>
<arg>github</arg>
<arg>${BASE_URL}</arg>
<arg>headers={"Authorization": "token ${TOKEN}"}</arg>
<doc>Create Session: create a HTTP session to a server</doc>
<status status="PASS" start="2024-12-07T19:02:11.059594" elapsed="0.001073"/>
</kw>
<kw name="Create Dictionary" owner="BuiltIn">
<msg time="2024-12-07T19:02:11.061391" level="INFO">${payload} = {'name': 'MyPrivateRepoAPI', 'private': 'True'}</msg>
<var>${payload}</var>
<arg>name=${repo_name}</arg>
<arg>private=${is_private}</arg>
<doc>Creates and returns a dictionary based on the given ``items``.</doc>
<status status="PASS" start="2024-12-07T19:02:11.060895" elapsed="0.000536"/>
</kw>
<kw name="Post Request" owner="RequestsLibrary">
<msg time="2024-12-07T19:02:11.061638" level="WARN">Keyword 'RequestsLibrary.Post Request' is deprecated. Please use `POST On Session` instead.</msg>
<msg time="2024-12-07T19:02:11.968768" level="INFO">POST Request : url=https://api.github.com/user/repos 
 path_url=/user/repos 
 headers={'User-Agent': 'python-requests/2.32.3', 'Accept-Encoding': 'gzip, deflate', 'Accept': '*/*', 'Connection': 'keep-alive', 'Authorization': 'token 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', 'Content-Length': '47', 'Content-Type': 'application/json'} 
 body=b'{"name": "MyPrivateRepoAPI", "private": "True"}' 
 </msg>
<msg time="2024-12-07T19:02:11.969070" level="INFO">POST Response : url=https://api.github.com/user/repos 
 status=201, reason=Created 
 headers={'Date': 'Sat, 07 Dec 2024 13:32:11 GMT', 'Content-Type': 'application/json; charset=utf-8', 'Content-Length': '6062', 'Cache-Control': 'private, max-age=60, s-maxage=60', 'Vary': 'Accept, Authorization, Cookie, X-GitHub-OTP,Accept-Encoding, Accept, X-Requested-With', 'ETag': '"9980f94fc7e1dbef270108583b78150b7fa0958b76409a9a65fa9ba3a563b3b2"', 'X-OAuth-Scopes': 'admin:enterprise, admin:gpg_key, admin:org, admin:org_hook, admin:public_key, admin:repo_hook, admin:ssh_signing_key, audit_log, codespace, copilot, delete:packages, gist, notifications, project, repo, user, workflow, write:discussion, write:packages', 'X-Accepted-OAuth-Scopes': 'public_repo, repo', 'github-authentication-token-expiration': '2025-01-06 11:51:10 UTC', 'Location': 'https://api.github.com/repos/Barath-Git-Demo/MyPrivateRepoAPI', 'X-GitHub-Media-Type': 'github.v3; format=json', 'x-github-api-version-selected': '2022-11-28', 'X-RateLimit-Limit': '5000', 'X-RateLimit-Remaining': '4980', 'X-RateLimit-Reset': '1733580199', 'X-RateLimit-Used': '20', 'X-RateLimit-Resource': 'core', 'Access-Control-Expose-Headers': 'ETag, Link, Location, Retry-After, X-GitHub-OTP, X-RateLimit-Limit, X-RateLimit-Remaining, X-RateLimit-Used, X-RateLimit-Resource, X-RateLimit-Reset, X-OAuth-Scopes, X-Accepted-OAuth-Scopes, X-Poll-Interval, X-GitHub-Media-Type, X-GitHub-SSO, X-GitHub-Request-Id, Deprecation, Sunset', 'Access-Control-Allow-Origin': '*', 'Strict-Transport-Security': 'max-age=31536000; includeSubdomains; preload', 'X-Frame-Options': 'deny', 'X-Content-Type-Options': 'nosniff', 'X-XSS-Protection': '0', 'Referrer-Policy': 'origin-when-cross-origin, strict-origin-when-cross-origin', 'Content-Security-Policy': "default-src 'none'", 'Server': 'github.com', 'X-GitHub-Request-Id': 'FA93:DF328:4F99C0:6137B5:67544E5B'} 
 body={"id":899956970,"node_id":"R_kgDONaRA6g","name":"MyPrivateRepoAPI","full_name":"Barath-Git-Demo/MyPrivateRepoAPI","private":true,"owner":{"login":"Barath-Git-Demo","id":190746031,"node_id":"U_kgDOC16Nrw","avatar_url":"https://avatars.githubusercontent.com/u/190746031?v=4","gravatar_id":"","url":"https://api.github.com/users/Barath-Git-Demo","html_url":"https://github.com/Barath-Git-Demo","followers_url":"https://api.github.com/users/Barath-Git-Demo/followers","following_url":"https://api.github.com/users/Barath-Git-Demo/following{/other_user}","gists_url":"https://api.github.com/users/Barath-Git-Demo/gists{/gist_id}","starred_url":"https://api.github.com/users/Barath-Git-Demo/starred{/owner}{/repo}","subscriptions_url":"https://api.github.com/users/Barath-Git-Demo/subscriptions","organizations_url":"https://api.github.com/users/Barath-Git-Demo/orgs","repos_url":"https://api.github.com/users/Barath-Git-Demo/repos","events_url":"https://api.github.com/users/Barath-Git-Demo/events{/privacy}","received_events_url":"https://api.github.com/users/Barath-Git-Demo/received_events","type":"User","user_view_type":"public","site_admin":false},"html_url":"https://github.com/Barath-Git-Demo/MyPrivateRepoAPI","description":null,"fork":false,"url":"https://api.github.com/repos/Barath-Git-Demo/MyPrivateRepoAPI","forks_url":"https://api.github.com/repos/Barath-Git-Demo/MyPrivateRepoAPI/forks","keys_url":"https://api.github.com/repos/Barath-Git-Demo/MyPrivateRepoAPI/keys{/key_id}","collaborators_url":"https://api.github.com/repos/Barath-Git-Demo/MyPrivateRepoAPI/collaborators{/collaborator}","teams_url":"https://api.github.com/repos/Barath-Git-Demo/MyPrivateRepoAPI/teams","hooks_url":"https://api.github.com/repos/Barath-Git-Demo/MyPrivateRepoAPI/hooks","issue_events_url":"https://api.github.com/repos/Barath-Git-Demo/MyPrivateRepoAPI/issues/events{/number}","events_url":"https://api.github.com/repos/Barath-Git-Demo/MyPrivateRepoAPI/events","assignees_url":"https://api.github.com/repos/Barath-Git-Demo/MyPrivateRepoAPI/assignees{/user}","branches_url":"https://api.github.com/repos/Barath-Git-Demo/MyPrivateRepoAPI/branches{/branch}","tags_url":"https://api.github.com/repos/Barath-Git-Demo/MyPrivateRepoAPI/tags","blobs_url":"https://api.github.com/repos/Barath-Git-Demo/MyPrivateRepoAPI/git/blobs{/sha}","git_tags_url":"https://api.github.com/repos/Barath-Git-Demo/MyPrivateRepoAPI/git/tags{/sha}","git_refs_url":"https://api.github.com/repos/Barath-Git-Demo/MyPrivateRepoAPI/git/refs{/sha}","trees_url":"https://api.github.com/repos/Barath-Git-Demo/MyPrivateRepoAPI/git/trees{/sha}","statuses_url":"https://api.github.com/repos/Barath-Git-Demo/MyPrivateRepoAPI/statuses/{sha}","languages_url":"https://api.github.com/repos/Barath-Git-Demo/MyPrivateRepoAPI/languages","stargazers_url":"https://api.github.com/repos/Barath-Git-Demo/MyPrivateRepoAPI/stargazers","contributors_url":"https://api.github.com/repos/Barath-Git-Demo/MyPrivateRepoAPI/contributors","subscribers_url":"https://api.github.com/repos/Barath-Git-Demo/MyPrivateRepoAPI/subscribers","subscription_url":"https://api.github.com/repos/Barath-Git-Demo/MyPrivateRepoAPI/subscription","commits_url":"https://api.github.com/repos/Barath-Git-Demo/MyPrivateRepoAPI/commits{/sha}","git_commits_url":"https://api.github.com/repos/Barath-Git-Demo/MyPrivateRepoAPI/git/commits{/sha}","comments_url":"https://api.github.com/repos/Barath-Git-Demo/MyPrivateRepoAPI/comments{/number}","issue_comment_url":"https://api.github.com/repos/Barath-Git-Demo/MyPrivateRepoAPI/issues/comments{/number}","contents_url":"https://api.github.com/repos/Barath-Git-Demo/MyPrivateRepoAPI/contents/{+path}","compare_url":"https://api.github.com/repos/Barath-Git-Demo/MyPrivateRepoAPI/compare/{base}...{head}","merges_url":"https://api.github.com/repos/Barath-Git-Demo/MyPrivateRepoAPI/merges","archive_url":"https://api.github.com/repos/Barath-Git-Demo/MyPrivateRepoAPI/{archive_format}{/ref}","downloads_url":"https://api.github.com/repos/Barath-Git-Demo/MyPrivateRepoAPI/downloads","issues_url":"https://api.github.com/repos/Barath-Git-Demo/MyPrivateRepoAPI/issues{/number}","pulls_url":"https://api.github.com/repos/Barath-Git-Demo/MyPrivateRepoAPI/pulls{/number}","milestones_url":"https://api.github.com/repos/Barath-Git-Demo/MyPrivateRepoAPI/milestones{/number}","notifications_url":"https://api.github.com/repos/Barath-Git-Demo/MyPrivateRepoAPI/notifications{?since,all,participating}","labels_url":"https://api.github.com/repos/Barath-Git-Demo/MyPrivateRepoAPI/labels{/name}","releases_url":"https://api.github.com/repos/Barath-Git-Demo/MyPrivateRepoAPI/releases{/id}","deployments_url":"https://api.github.com/repos/Barath-Git-Demo/MyPrivateRepoAPI/deployments","created_at":"2024-12-07T13:32:11Z","updated_at":"2024-12-07T13:32:11Z","pushed_at":"2024-12-07T13:32:11Z","git_url":"git://github.com/Barath-Git-Demo/MyPrivateRepoAPI.git","ssh_url":"git@github.com:Barath-Git-Demo/MyPrivateRepoAPI.git","clone_url":"https://github.com/Barath-Git-Demo/MyPrivateRepoAPI.git","svn_url":"https://github.com/Barath-Git-Demo/MyPrivateRepoAPI","homepage":null,"size":0,"stargazers_count":0,"watchers_count":0,"language":null,"has_issues":true,"has_projects":true,"has_downloads":true,"has_wiki":false,"has_pages":false,"has_discussions":false,"forks_count":0,"mirror_url":null,"archived":false,"disabled":false,"open_issues_count":0,"license":null,"allow_forking":true,"is_template":false,"web_commit_signoff_required":false,"topics":[],"visibility":"private","forks":0,"open_issues":0,"watchers":0,"default_branch":"main","permissions":{"admin":true,"maintain":true,"push":true,"triage":true,"pull":true},"allow_squash_merge":true,"allow_merge_commit":true,"allow_rebase_merge":true,"allow_auto_merge":false,"delete_branch_on_merge":false,"allow_update_branch":false,"use_squash_pr_title_as_default":false,"squash_merge_commit_message":"COMMIT_MESSAGES","squash_merge_commit_title":"COMMIT_OR_PR_TITLE","merge_commit_message":"PR_TITLE","merge_commit_title":"MERGE_MESSAGE","network_count":0,"subscribers_count":0} 
 </msg>
<msg time="2024-12-07T19:02:11.969447" level="INFO">/Users/barathkumarj/Library/Python/3.9/lib/python/site-packages/urllib3/connectionpool.py:1099: InsecureRequestWarning: Unverified HTTPS request is being made to host 'api.github.com'. Adding certificate verification is strongly advised. See: https://urllib3.readthedocs.io/en/latest/advanced-usage.html#tls-warnings
  warnings.warn(</msg>
<msg time="2024-12-07T19:02:11.970705" level="INFO">${response} = &lt;Response [201]&gt;</msg>
<var>${response}</var>
<arg>github</arg>
<arg>/user/repos</arg>
<arg>json=${payload}</arg>
<doc>*DEPRECATED* Please use `POST On Session` instead.</doc>
<status status="PASS" start="2024-12-07T19:02:11.061602" elapsed="0.909165"/>
</kw>
<kw name="Should Be Equal As Numbers" owner="BuiltIn">
<msg time="2024-12-07T19:02:11.972091" level="INFO">Argument types are:
&lt;class 'int'&gt;
&lt;class 'str'&gt;</msg>
<arg>${response.status_code}</arg>
<arg>201</arg>
<doc>Fails if objects are unequal after converting them to real numbers.</doc>
<status status="PASS" start="2024-12-07T19:02:11.971116" elapsed="0.001085"/>
</kw>
<kw name="Log" owner="BuiltIn">
<msg time="2024-12-07T19:02:11.973264" level="INFO">{'id': 899956970, 'node_id': 'R_kgDONaRA6g', 'name': 'MyPrivateRepoAPI', 'full_name': 'Barath-Git-Demo/MyPrivateRepoAPI', 'private': True, 'owner': {'login': 'Barath-Git-Demo', 'id': 190746031, 'node_id': 'U_kgDOC16Nrw', 'avatar_url': 'https://avatars.githubusercontent.com/u/190746031?v=4', 'gravatar_id': '', 'url': 'https://api.github.com/users/Barath-Git-Demo', 'html_url': 'https://github.com/Barath-Git-Demo', 'followers_url': 'https://api.github.com/users/Barath-Git-Demo/followers', 'following_url': 'https://api.github.com/users/Barath-Git-Demo/following{/other_user}', 'gists_url': 'https://api.github.com/users/Barath-Git-Demo/gists{/gist_id}', 'starred_url': 'https://api.github.com/users/Barath-Git-Demo/starred{/owner}{/repo}', 'subscriptions_url': 'https://api.github.com/users/Barath-Git-Demo/subscriptions', 'organizations_url': 'https://api.github.com/users/Barath-Git-Demo/orgs', 'repos_url': 'https://api.github.com/users/Barath-Git-Demo/repos', 'events_url': 'https://api.github.com/users/Barath-Git-Demo/events{/privacy}', 'received_events_url': 'https://api.github.com/users/Barath-Git-Demo/received_events', 'type': 'User', 'user_view_type': 'public', 'site_admin': False}, 'html_url': 'https://github.com/Barath-Git-Demo/MyPrivateRepoAPI', 'description': None, 'fork': False, 'url': 'https://api.github.com/repos/Barath-Git-Demo/MyPrivateRepoAPI', 'forks_url': 'https://api.github.com/repos/Barath-Git-Demo/MyPrivateRepoAPI/forks', 'keys_url': 'https://api.github.com/repos/Barath-Git-Demo/MyPrivateRepoAPI/keys{/key_id}', 'collaborators_url': 'https://api.github.com/repos/Barath-Git-Demo/MyPrivateRepoAPI/collaborators{/collaborator}', 'teams_url': 'https://api.github.com/repos/Barath-Git-Demo/MyPrivateRepoAPI/teams', 'hooks_url': 'https://api.github.com/repos/Barath-Git-Demo/MyPrivateRepoAPI/hooks', 'issue_events_url': 'https://api.github.com/repos/Barath-Git-Demo/MyPrivateRepoAPI/issues/events{/number}', 'events_url': 'https://api.github.com/repos/Barath-Git-Demo/MyPrivateRepoAPI/events', 'assignees_url': 'https://api.github.com/repos/Barath-Git-Demo/MyPrivateRepoAPI/assignees{/user}', 'branches_url': 'https://api.github.com/repos/Barath-Git-Demo/MyPrivateRepoAPI/branches{/branch}', 'tags_url': 'https://api.github.com/repos/Barath-Git-Demo/MyPrivateRepoAPI/tags', 'blobs_url': 'https://api.github.com/repos/Barath-Git-Demo/MyPrivateRepoAPI/git/blobs{/sha}', 'git_tags_url': 'https://api.github.com/repos/Barath-Git-Demo/MyPrivateRepoAPI/git/tags{/sha}', 'git_refs_url': 'https://api.github.com/repos/Barath-Git-Demo/MyPrivateRepoAPI/git/refs{/sha}', 'trees_url': 'https://api.github.com/repos/Barath-Git-Demo/MyPrivateRepoAPI/git/trees{/sha}', 'statuses_url': 'https://api.github.com/repos/Barath-Git-Demo/MyPrivateRepoAPI/statuses/{sha}', 'languages_url': 'https://api.github.com/repos/Barath-Git-Demo/MyPrivateRepoAPI/languages', 'stargazers_url': 'https://api.github.com/repos/Barath-Git-Demo/MyPrivateRepoAPI/stargazers', 'contributors_url': 'https://api.github.com/repos/Barath-Git-Demo/MyPrivateRepoAPI/contributors', 'subscribers_url': 'https://api.github.com/repos/Barath-Git-Demo/MyPrivateRepoAPI/subscribers', 'subscription_url': 'https://api.github.com/repos/Barath-Git-Demo/MyPrivateRepoAPI/subscription', 'commits_url': 'https://api.github.com/repos/Barath-Git-Demo/MyPrivateRepoAPI/commits{/sha}', 'git_commits_url': 'https://api.github.com/repos/Barath-Git-Demo/MyPrivateRepoAPI/git/commits{/sha}', 'comments_url': 'https://api.github.com/repos/Barath-Git-Demo/MyPrivateRepoAPI/comments{/number}', 'issue_comment_url': 'https://api.github.com/repos/Barath-Git-Demo/MyPrivateRepoAPI/issues/comments{/number}', 'contents_url': 'https://api.github.com/repos/Barath-Git-Demo/MyPrivateRepoAPI/contents/{+path}', 'compare_url': 'https://api.github.com/repos/Barath-Git-Demo/MyPrivateRepoAPI/compare/{base}...{head}', 'merges_url': 'https://api.github.com/repos/Barath-Git-Demo/MyPrivateRepoAPI/merges', 'archive_url': 'https://api.github.com/repos/Barath-Git-Demo/MyPrivateRepoAPI/{archive_format}{/ref}', 'downloads_url': 'https://api.github.com/repos/Barath-Git-Demo/MyPrivateRepoAPI/downloads', 'issues_url': 'https://api.github.com/repos/Barath-Git-Demo/MyPrivateRepoAPI/issues{/number}', 'pulls_url': 'https://api.github.com/repos/Barath-Git-Demo/MyPrivateRepoAPI/pulls{/number}', 'milestones_url': 'https://api.github.com/repos/Barath-Git-Demo/MyPrivateRepoAPI/milestones{/number}', 'notifications_url': 'https://api.github.com/repos/Barath-Git-Demo/MyPrivateRepoAPI/notifications{?since,all,participating}', 'labels_url': 'https://api.github.com/repos/Barath-Git-Demo/MyPrivateRepoAPI/labels{/name}', 'releases_url': 'https://api.github.com/repos/Barath-Git-Demo/MyPrivateRepoAPI/releases{/id}', 'deployments_url': 'https://api.github.com/repos/Barath-Git-Demo/MyPrivateRepoAPI/deployments', 'created_at': '2024-12-07T13:32:11Z', 'updated_at': '2024-12-07T13:32:11Z', 'pushed_at': '2024-12-07T13:32:11Z', 'git_url': 'git://github.com/Barath-Git-Demo/MyPrivateRepoAPI.git', 'ssh_url': 'git@github.com:Barath-Git-Demo/MyPrivateRepoAPI.git', 'clone_url': 'https://github.com/Barath-Git-Demo/MyPrivateRepoAPI.git', 'svn_url': 'https://github.com/Barath-Git-Demo/MyPrivateRepoAPI', 'homepage': None, 'size': 0, 'stargazers_count': 0, 'watchers_count': 0, 'language': None, 'has_issues': True, 'has_projects': True, 'has_downloads': True, 'has_wiki': False, 'has_pages': False, 'has_discussions': False, 'forks_count': 0, 'mirror_url': None, 'archived': False, 'disabled': False, 'open_issues_count': 0, 'license': None, 'allow_forking': True, 'is_template': False, 'web_commit_signoff_required': False, 'topics': [], 'visibility': 'private', 'forks': 0, 'open_issues': 0, 'watchers': 0, 'default_branch': 'main', 'permissions': {'admin': True, 'maintain': True, 'push': True, 'triage': True, 'pull': True}, 'allow_squash_merge': True, 'allow_merge_commit': True, 'allow_rebase_merge': True, 'allow_auto_merge': False, 'delete_branch_on_merge': False, 'allow_update_branch': False, 'use_squash_pr_title_as_default': False, 'squash_merge_commit_message': 'COMMIT_MESSAGES', 'squash_merge_commit_title': 'COMMIT_OR_PR_TITLE', 'merge_commit_message': 'PR_TITLE', 'merge_commit_title': 'MERGE_MESSAGE', 'network_count': 0, 'subscribers_count': 0}</msg>
<arg>${response.json()}</arg>
<doc>Logs the given message with the given level.</doc>
<status status="PASS" start="2024-12-07T19:02:11.972400" elapsed="0.001021"/>
</kw>
<arg>MyPrivateRepoAPI</arg>
<arg>is_private=True</arg>
<status status="PASS" start="2024-12-07T19:02:11.059037" elapsed="0.914500"/>
</kw>
<doc>Verifies that a private repository can be created using the GitHub API.</doc>
<status status="PASS" start="2024-12-07T19:02:11.057955" elapsed="0.915865"/>
</test>
<status status="PASS" start="2024-12-07T19:02:09.345002" elapsed="2.629457"/>
</suite>
<suite id="s1-s1-s2" name="02 Issues Api Test" source="/Users/barathkumarj/Ongoing-QA-Assignment/QA-Assignment/tests/api_tests/02_issues_api_test.robot">
<test id="s1-s1-s2-t1" name="Create New Issue API" line="8">
<kw name="Create Repository API" owner="api_keywords">
<kw name="Create Session" owner="RequestsLibrary">
<msg time="2024-12-07T19:02:11.980320" level="INFO">Creating Session using : alias=github, url=https://api.github.com, headers={'Authorization': 'token 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'},                     cookies={}, auth=None, timeout=None, proxies=None, verify=False,                     debug=0 </msg>
<arg>github</arg>
<arg>${BASE_URL}</arg>
<arg>headers={"Authorization": "token ${TOKEN}"}</arg>
<doc>Create Session: create a HTTP session to a server</doc>
<status status="PASS" start="2024-12-07T19:02:11.979911" elapsed="0.000712"/>
</kw>
<kw name="Create Dictionary" owner="BuiltIn">
<msg time="2024-12-07T19:02:11.981270" level="INFO">${payload} = {'name': 'MyIssueRepoAPI', 'private': 'False'}</msg>
<var>${payload}</var>
<arg>name=${repo_name}</arg>
<arg>private=${is_private}</arg>
<doc>Creates and returns a dictionary based on the given ``items``.</doc>
<status status="PASS" start="2024-12-07T19:02:11.980847" elapsed="0.000457"/>
</kw>
<kw name="Post Request" owner="RequestsLibrary">
<msg time="2024-12-07T19:02:11.981486" level="WARN">Keyword 'RequestsLibrary.Post Request' is deprecated. Please use `POST On Session` instead.</msg>
<msg time="2024-12-07T19:02:12.967297" level="INFO">POST Request : url=https://api.github.com/user/repos 
 path_url=/user/repos 
 headers={'User-Agent': 'python-requests/2.32.3', 'Accept-Encoding': 'gzip, deflate', 'Accept': '*/*', 'Connection': 'keep-alive', 'Authorization': 'token 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', 'Content-Length': '46', 'Content-Type': 'application/json'} 
 body=b'{"name": "MyIssueRepoAPI", "private": "False"}' 
 </msg>
<msg time="2024-12-07T19:02:12.967612" level="INFO">POST Response : url=https://api.github.com/user/repos 
 status=201, reason=Created 
 headers={'Date': 'Sat, 07 Dec 2024 13:32:12 GMT', 'Content-Type': 'application/json; charset=utf-8', 'Content-Length': '5974', 'Cache-Control': 'private, max-age=60, s-maxage=60', 'Vary': 'Accept, Authorization, Cookie, X-GitHub-OTP,Accept-Encoding, Accept, X-Requested-With', 'ETag': '"2891ff0f30104774a747da1cd4941b01398bd48c8111b091b2e5d692e643a8c8"', 'X-OAuth-Scopes': 'admin:enterprise, admin:gpg_key, admin:org, admin:org_hook, admin:public_key, admin:repo_hook, admin:ssh_signing_key, audit_log, codespace, copilot, delete:packages, gist, notifications, project, repo, user, workflow, write:discussion, write:packages', 'X-Accepted-OAuth-Scopes': 'public_repo, repo', 'github-authentication-token-expiration': '2025-01-06 11:51:10 UTC', 'Location': 'https://api.github.com/repos/Barath-Git-Demo/MyIssueRepoAPI', 'X-GitHub-Media-Type': 'github.v3; format=json', 'x-github-api-version-selected': '2022-11-28', 'X-RateLimit-Limit': '5000', 'X-RateLimit-Remaining': '4979', 'X-RateLimit-Reset': '1733580199', 'X-RateLimit-Used': '21', 'X-RateLimit-Resource': 'core', 'Access-Control-Expose-Headers': 'ETag, Link, Location, Retry-After, X-GitHub-OTP, X-RateLimit-Limit, X-RateLimit-Remaining, X-RateLimit-Used, X-RateLimit-Resource, X-RateLimit-Reset, X-OAuth-Scopes, X-Accepted-OAuth-Scopes, X-Poll-Interval, X-GitHub-Media-Type, X-GitHub-SSO, X-GitHub-Request-Id, Deprecation, Sunset', 'Access-Control-Allow-Origin': '*', 'Strict-Transport-Security': 'max-age=31536000; includeSubdomains; preload', 'X-Frame-Options': 'deny', 'X-Content-Type-Options': 'nosniff', 'X-XSS-Protection': '0', 'Referrer-Policy': 'origin-when-cross-origin, strict-origin-when-cross-origin', 'Content-Security-Policy': "default-src 'none'", 'Server': 'github.com', 'X-GitHub-Request-Id': 'FA98:AA092:72AFC6:8861E1:67544E5C'} 
 body={"id":899956979,"node_id":"R_kgDONaRA8w","name":"MyIssueRepoAPI","full_name":"Barath-Git-Demo/MyIssueRepoAPI","private":true,"owner":{"login":"Barath-Git-Demo","id":190746031,"node_id":"U_kgDOC16Nrw","avatar_url":"https://avatars.githubusercontent.com/u/190746031?v=4","gravatar_id":"","url":"https://api.github.com/users/Barath-Git-Demo","html_url":"https://github.com/Barath-Git-Demo","followers_url":"https://api.github.com/users/Barath-Git-Demo/followers","following_url":"https://api.github.com/users/Barath-Git-Demo/following{/other_user}","gists_url":"https://api.github.com/users/Barath-Git-Demo/gists{/gist_id}","starred_url":"https://api.github.com/users/Barath-Git-Demo/starred{/owner}{/repo}","subscriptions_url":"https://api.github.com/users/Barath-Git-Demo/subscriptions","organizations_url":"https://api.github.com/users/Barath-Git-Demo/orgs","repos_url":"https://api.github.com/users/Barath-Git-Demo/repos","events_url":"https://api.github.com/users/Barath-Git-Demo/events{/privacy}","received_events_url":"https://api.github.com/users/Barath-Git-Demo/received_events","type":"User","user_view_type":"public","site_admin":false},"html_url":"https://github.com/Barath-Git-Demo/MyIssueRepoAPI","description":null,"fork":false,"url":"https://api.github.com/repos/Barath-Git-Demo/MyIssueRepoAPI","forks_url":"https://api.github.com/repos/Barath-Git-Demo/MyIssueRepoAPI/forks","keys_url":"https://api.github.com/repos/Barath-Git-Demo/MyIssueRepoAPI/keys{/key_id}","collaborators_url":"https://api.github.com/repos/Barath-Git-Demo/MyIssueRepoAPI/collaborators{/collaborator}","teams_url":"https://api.github.com/repos/Barath-Git-Demo/MyIssueRepoAPI/teams","hooks_url":"https://api.github.com/repos/Barath-Git-Demo/MyIssueRepoAPI/hooks","issue_events_url":"https://api.github.com/repos/Barath-Git-Demo/MyIssueRepoAPI/issues/events{/number}","events_url":"https://api.github.com/repos/Barath-Git-Demo/MyIssueRepoAPI/events","assignees_url":"https://api.github.com/repos/Barath-Git-Demo/MyIssueRepoAPI/assignees{/user}","branches_url":"https://api.github.com/repos/Barath-Git-Demo/MyIssueRepoAPI/branches{/branch}","tags_url":"https://api.github.com/repos/Barath-Git-Demo/MyIssueRepoAPI/tags","blobs_url":"https://api.github.com/repos/Barath-Git-Demo/MyIssueRepoAPI/git/blobs{/sha}","git_tags_url":"https://api.github.com/repos/Barath-Git-Demo/MyIssueRepoAPI/git/tags{/sha}","git_refs_url":"https://api.github.com/repos/Barath-Git-Demo/MyIssueRepoAPI/git/refs{/sha}","trees_url":"https://api.github.com/repos/Barath-Git-Demo/MyIssueRepoAPI/git/trees{/sha}","statuses_url":"https://api.github.com/repos/Barath-Git-Demo/MyIssueRepoAPI/statuses/{sha}","languages_url":"https://api.github.com/repos/Barath-Git-Demo/MyIssueRepoAPI/languages","stargazers_url":"https://api.github.com/repos/Barath-Git-Demo/MyIssueRepoAPI/stargazers","contributors_url":"https://api.github.com/repos/Barath-Git-Demo/MyIssueRepoAPI/contributors","subscribers_url":"https://api.github.com/repos/Barath-Git-Demo/MyIssueRepoAPI/subscribers","subscription_url":"https://api.github.com/repos/Barath-Git-Demo/MyIssueRepoAPI/subscription","commits_url":"https://api.github.com/repos/Barath-Git-Demo/MyIssueRepoAPI/commits{/sha}","git_commits_url":"https://api.github.com/repos/Barath-Git-Demo/MyIssueRepoAPI/git/commits{/sha}","comments_url":"https://api.github.com/repos/Barath-Git-Demo/MyIssueRepoAPI/comments{/number}","issue_comment_url":"https://api.github.com/repos/Barath-Git-Demo/MyIssueRepoAPI/issues/comments{/number}","contents_url":"https://api.github.com/repos/Barath-Git-Demo/MyIssueRepoAPI/contents/{+path}","compare_url":"https://api.github.com/repos/Barath-Git-Demo/MyIssueRepoAPI/compare/{base}...{head}","merges_url":"https://api.github.com/repos/Barath-Git-Demo/MyIssueRepoAPI/merges","archive_url":"https://api.github.com/repos/Barath-Git-Demo/MyIssueRepoAPI/{archive_format}{/ref}","downloads_url":"https://api.github.com/repos/Barath-Git-Demo/MyIssueRepoAPI/downloads","issues_url":"https://api.github.com/repos/Barath-Git-Demo/MyIssueRepoAPI/issues{/number}","pulls_url":"https://api.github.com/repos/Barath-Git-Demo/MyIssueRepoAPI/pulls{/number}","milestones_url":"https://api.github.com/repos/Barath-Git-Demo/MyIssueRepoAPI/milestones{/number}","notifications_url":"https://api.github.com/repos/Barath-Git-Demo/MyIssueRepoAPI/notifications{?since,all,participating}","labels_url":"https://api.github.com/repos/Barath-Git-Demo/MyIssueRepoAPI/labels{/name}","releases_url":"https://api.github.com/repos/Barath-Git-Demo/MyIssueRepoAPI/releases{/id}","deployments_url":"https://api.github.com/repos/Barath-Git-Demo/MyIssueRepoAPI/deployments","created_at":"2024-12-07T13:32:12Z","updated_at":"2024-12-07T13:32:12Z","pushed_at":"2024-12-07T13:32:12Z","git_url":"git://github.com/Barath-Git-Demo/MyIssueRepoAPI.git","ssh_url":"git@github.com:Barath-Git-Demo/MyIssueRepoAPI.git","clone_url":"https://github.com/Barath-Git-Demo/MyIssueRepoAPI.git","svn_url":"https://github.com/Barath-Git-Demo/MyIssueRepoAPI","homepage":null,"size":0,"stargazers_count":0,"watchers_count":0,"language":null,"has_issues":true,"has_projects":true,"has_downloads":true,"has_wiki":false,"has_pages":false,"has_discussions":false,"forks_count":0,"mirror_url":null,"archived":false,"disabled":false,"open_issues_count":0,"license":null,"allow_forking":true,"is_template":false,"web_commit_signoff_required":false,"topics":[],"visibility":"private","forks":0,"open_issues":0,"watchers":0,"default_branch":"main","permissions":{"admin":true,"maintain":true,"push":true,"triage":true,"pull":true},"allow_squash_merge":true,"allow_merge_commit":true,"allow_rebase_merge":true,"allow_auto_merge":false,"delete_branch_on_merge":false,"allow_update_branch":false,"use_squash_pr_title_as_default":false,"squash_merge_commit_message":"COMMIT_MESSAGES","squash_merge_commit_title":"COMMIT_OR_PR_TITLE","merge_commit_message":"PR_TITLE","merge_commit_title":"MERGE_MESSAGE","network_count":0,"subscribers_count":0} 
 </msg>
<msg time="2024-12-07T19:02:12.968015" level="INFO">/Users/barathkumarj/Library/Python/3.9/lib/python/site-packages/urllib3/connectionpool.py:1099: InsecureRequestWarning: Unverified HTTPS request is being made to host 'api.github.com'. Adding certificate verification is strongly advised. See: https://urllib3.readthedocs.io/en/latest/advanced-usage.html#tls-warnings
  warnings.warn(</msg>
<msg time="2024-12-07T19:02:12.968495" level="INFO">${response} = &lt;Response [201]&gt;</msg>
<var>${response}</var>
<arg>github</arg>
<arg>/user/repos</arg>
<arg>json=${payload}</arg>
<doc>*DEPRECATED* Please use `POST On Session` instead.</doc>
<status status="PASS" start="2024-12-07T19:02:11.981456" elapsed="0.987125"/>
</kw>
<kw name="Should Be Equal As Numbers" owner="BuiltIn">
<msg time="2024-12-07T19:02:12.969816" level="INFO">Argument types are:
&lt;class 'int'&gt;
&lt;class 'str'&gt;</msg>
<arg>${response.status_code}</arg>
<arg>201</arg>
<doc>Fails if objects are unequal after converting them to real numbers.</doc>
<status status="PASS" start="2024-12-07T19:02:12.968951" elapsed="0.000971"/>
</kw>
<kw name="Log" owner="BuiltIn">
<msg time="2024-12-07T19:02:12.970954" level="INFO">{'id': 899956979, 'node_id': 'R_kgDONaRA8w', 'name': 'MyIssueRepoAPI', 'full_name': 'Barath-Git-Demo/MyIssueRepoAPI', 'private': True, 'owner': {'login': 'Barath-Git-Demo', 'id': 190746031, 'node_id': 'U_kgDOC16Nrw', 'avatar_url': 'https://avatars.githubusercontent.com/u/190746031?v=4', 'gravatar_id': '', 'url': 'https://api.github.com/users/Barath-Git-Demo', 'html_url': 'https://github.com/Barath-Git-Demo', 'followers_url': 'https://api.github.com/users/Barath-Git-Demo/followers', 'following_url': 'https://api.github.com/users/Barath-Git-Demo/following{/other_user}', 'gists_url': 'https://api.github.com/users/Barath-Git-Demo/gists{/gist_id}', 'starred_url': 'https://api.github.com/users/Barath-Git-Demo/starred{/owner}{/repo}', 'subscriptions_url': 'https://api.github.com/users/Barath-Git-Demo/subscriptions', 'organizations_url': 'https://api.github.com/users/Barath-Git-Demo/orgs', 'repos_url': 'https://api.github.com/users/Barath-Git-Demo/repos', 'events_url': 'https://api.github.com/users/Barath-Git-Demo/events{/privacy}', 'received_events_url': 'https://api.github.com/users/Barath-Git-Demo/received_events', 'type': 'User', 'user_view_type': 'public', 'site_admin': False}, 'html_url': 'https://github.com/Barath-Git-Demo/MyIssueRepoAPI', 'description': None, 'fork': False, 'url': 'https://api.github.com/repos/Barath-Git-Demo/MyIssueRepoAPI', 'forks_url': 'https://api.github.com/repos/Barath-Git-Demo/MyIssueRepoAPI/forks', 'keys_url': 'https://api.github.com/repos/Barath-Git-Demo/MyIssueRepoAPI/keys{/key_id}', 'collaborators_url': 'https://api.github.com/repos/Barath-Git-Demo/MyIssueRepoAPI/collaborators{/collaborator}', 'teams_url': 'https://api.github.com/repos/Barath-Git-Demo/MyIssueRepoAPI/teams', 'hooks_url': 'https://api.github.com/repos/Barath-Git-Demo/MyIssueRepoAPI/hooks', 'issue_events_url': 'https://api.github.com/repos/Barath-Git-Demo/MyIssueRepoAPI/issues/events{/number}', 'events_url': 'https://api.github.com/repos/Barath-Git-Demo/MyIssueRepoAPI/events', 'assignees_url': 'https://api.github.com/repos/Barath-Git-Demo/MyIssueRepoAPI/assignees{/user}', 'branches_url': 'https://api.github.com/repos/Barath-Git-Demo/MyIssueRepoAPI/branches{/branch}', 'tags_url': 'https://api.github.com/repos/Barath-Git-Demo/MyIssueRepoAPI/tags', 'blobs_url': 'https://api.github.com/repos/Barath-Git-Demo/MyIssueRepoAPI/git/blobs{/sha}', 'git_tags_url': 'https://api.github.com/repos/Barath-Git-Demo/MyIssueRepoAPI/git/tags{/sha}', 'git_refs_url': 'https://api.github.com/repos/Barath-Git-Demo/MyIssueRepoAPI/git/refs{/sha}', 'trees_url': 'https://api.github.com/repos/Barath-Git-Demo/MyIssueRepoAPI/git/trees{/sha}', 'statuses_url': 'https://api.github.com/repos/Barath-Git-Demo/MyIssueRepoAPI/statuses/{sha}', 'languages_url': 'https://api.github.com/repos/Barath-Git-Demo/MyIssueRepoAPI/languages', 'stargazers_url': 'https://api.github.com/repos/Barath-Git-Demo/MyIssueRepoAPI/stargazers', 'contributors_url': 'https://api.github.com/repos/Barath-Git-Demo/MyIssueRepoAPI/contributors', 'subscribers_url': 'https://api.github.com/repos/Barath-Git-Demo/MyIssueRepoAPI/subscribers', 'subscription_url': 'https://api.github.com/repos/Barath-Git-Demo/MyIssueRepoAPI/subscription', 'commits_url': 'https://api.github.com/repos/Barath-Git-Demo/MyIssueRepoAPI/commits{/sha}', 'git_commits_url': 'https://api.github.com/repos/Barath-Git-Demo/MyIssueRepoAPI/git/commits{/sha}', 'comments_url': 'https://api.github.com/repos/Barath-Git-Demo/MyIssueRepoAPI/comments{/number}', 'issue_comment_url': 'https://api.github.com/repos/Barath-Git-Demo/MyIssueRepoAPI/issues/comments{/number}', 'contents_url': 'https://api.github.com/repos/Barath-Git-Demo/MyIssueRepoAPI/contents/{+path}', 'compare_url': 'https://api.github.com/repos/Barath-Git-Demo/MyIssueRepoAPI/compare/{base}...{head}', 'merges_url': 'https://api.github.com/repos/Barath-Git-Demo/MyIssueRepoAPI/merges', 'archive_url': 'https://api.github.com/repos/Barath-Git-Demo/MyIssueRepoAPI/{archive_format}{/ref}', 'downloads_url': 'https://api.github.com/repos/Barath-Git-Demo/MyIssueRepoAPI/downloads', 'issues_url': 'https://api.github.com/repos/Barath-Git-Demo/MyIssueRepoAPI/issues{/number}', 'pulls_url': 'https://api.github.com/repos/Barath-Git-Demo/MyIssueRepoAPI/pulls{/number}', 'milestones_url': 'https://api.github.com/repos/Barath-Git-Demo/MyIssueRepoAPI/milestones{/number}', 'notifications_url': 'https://api.github.com/repos/Barath-Git-Demo/MyIssueRepoAPI/notifications{?since,all,participating}', 'labels_url': 'https://api.github.com/repos/Barath-Git-Demo/MyIssueRepoAPI/labels{/name}', 'releases_url': 'https://api.github.com/repos/Barath-Git-Demo/MyIssueRepoAPI/releases{/id}', 'deployments_url': 'https://api.github.com/repos/Barath-Git-Demo/MyIssueRepoAPI/deployments', 'created_at': '2024-12-07T13:32:12Z', 'updated_at': '2024-12-07T13:32:12Z', 'pushed_at': '2024-12-07T13:32:12Z', 'git_url': 'git://github.com/Barath-Git-Demo/MyIssueRepoAPI.git', 'ssh_url': 'git@github.com:Barath-Git-Demo/MyIssueRepoAPI.git', 'clone_url': 'https://github.com/Barath-Git-Demo/MyIssueRepoAPI.git', 'svn_url': 'https://github.com/Barath-Git-Demo/MyIssueRepoAPI', 'homepage': None, 'size': 0, 'stargazers_count': 0, 'watchers_count': 0, 'language': None, 'has_issues': True, 'has_projects': True, 'has_downloads': True, 'has_wiki': False, 'has_pages': False, 'has_discussions': False, 'forks_count': 0, 'mirror_url': None, 'archived': False, 'disabled': False, 'open_issues_count': 0, 'license': None, 'allow_forking': True, 'is_template': False, 'web_commit_signoff_required': False, 'topics': [], 'visibility': 'private', 'forks': 0, 'open_issues': 0, 'watchers': 0, 'default_branch': 'main', 'permissions': {'admin': True, 'maintain': True, 'push': True, 'triage': True, 'pull': True}, 'allow_squash_merge': True, 'allow_merge_commit': True, 'allow_rebase_merge': True, 'allow_auto_merge': False, 'delete_branch_on_merge': False, 'allow_update_branch': False, 'use_squash_pr_title_as_default': False, 'squash_merge_commit_message': 'COMMIT_MESSAGES', 'squash_merge_commit_title': 'COMMIT_OR_PR_TITLE', 'merge_commit_message': 'PR_TITLE', 'merge_commit_title': 'MERGE_MESSAGE', 'network_count': 0, 'subscribers_count': 0}</msg>
<arg>${response.json()}</arg>
<doc>Logs the given message with the given level.</doc>
<status status="PASS" start="2024-12-07T19:02:12.970108" elapsed="0.001001"/>
</kw>
<arg>MyIssueRepoAPI</arg>
<arg>is_private=False</arg>
<status status="PASS" start="2024-12-07T19:02:11.979469" elapsed="0.991728"/>
</kw>
<kw name="Create Issue API" owner="api_keywords">
<kw name="Create Session" owner="RequestsLibrary">
<msg time="2024-12-07T19:02:12.972208" level="INFO">Creating Session using : alias=github, url=https://api.github.com, headers={'Authorization': 'token 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'},                     cookies={}, auth=None, timeout=None, proxies=None, verify=False,                     debug=0 </msg>
<arg>github</arg>
<arg>${BASE_URL}</arg>
<arg>headers={"Authorization": "token ${TOKEN}"}</arg>
<doc>Create Session: create a HTTP session to a server</doc>
<status status="PASS" start="2024-12-07T19:02:12.971849" elapsed="0.000643"/>
</kw>
<kw name="Create Dictionary" owner="BuiltIn">
<msg time="2024-12-07T19:02:12.973332" level="INFO">${payload} = {'title': 'Test Issue Title', 'body': 'This is a test issue description.'}</msg>
<var>${payload}</var>
<arg>title=${title}</arg>
<arg>body=${body}</arg>
<doc>Creates and returns a dictionary based on the given ``items``.</doc>
<status status="PASS" start="2024-12-07T19:02:12.972824" elapsed="0.000552"/>
</kw>
<kw name="Post Request" owner="RequestsLibrary">
<msg time="2024-12-07T19:02:12.973600" level="WARN">Keyword 'RequestsLibrary.Post Request' is deprecated. Please use `POST On Session` instead.</msg>
<msg time="2024-12-07T19:02:13.556289" level="INFO">POST Request : url=https://api.github.com/repos/Barath-Git-Demo/MyIssueRepoAPI/issues 
 path_url=/repos/Barath-Git-Demo/MyIssueRepoAPI/issues 
 headers={'User-Agent': 'python-requests/2.32.3', 'Accept-Encoding': 'gzip, deflate', 'Accept': '*/*', 'Connection': 'keep-alive', 'Authorization': 'token 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', 'Content-Length': '74', 'Content-Type': 'application/json'} 
 body=b'{"title": "Test Issue Title", "body": "This is a test issue description."}' 
 </msg>
<msg time="2024-12-07T19:02:13.556529" level="INFO">POST Response : url=https://api.github.com/repos/Barath-Git-Demo/MyIssueRepoAPI/issues 
 status=201, reason=Created 
 headers={'Date': 'Sat, 07 Dec 2024 13:32:13 GMT', 'Content-Type': 'application/json; charset=utf-8', 'Content-Length': '2266', 'Cache-Control': 'private, max-age=60, s-maxage=60', 'Vary': 'Accept, Authorization, Cookie, X-GitHub-OTP,Accept-Encoding, Accept, X-Requested-With', 'ETag': '"a8a2b4e434ba7357261d8595a7ab7e8adc4217b437548b50b4a7cba9a1e49578"', 'X-OAuth-Scopes': 'admin:enterprise, admin:gpg_key, admin:org, admin:org_hook, admin:public_key, admin:repo_hook, admin:ssh_signing_key, audit_log, codespace, copilot, delete:packages, gist, notifications, project, repo, user, workflow, write:discussion, write:packages', 'X-Accepted-OAuth-Scopes': '', 'github-authentication-token-expiration': '2025-01-06 11:51:10 UTC', 'Location': 'https://api.github.com/repos/Barath-Git-Demo/MyIssueRepoAPI/issues/1', 'X-GitHub-Media-Type': 'github.v3; format=json', 'x-github-api-version-selected': '2022-11-28', 'X-RateLimit-Limit': '5000', 'X-RateLimit-Remaining': '4978', 'X-RateLimit-Reset': '1733580199', 'X-RateLimit-Used': '22', 'X-RateLimit-Resource': 'core', 'Access-Control-Expose-Headers': 'ETag, Link, Location, Retry-After, X-GitHub-OTP, X-RateLimit-Limit, X-RateLimit-Remaining, X-RateLimit-Used, X-RateLimit-Resource, X-RateLimit-Reset, X-OAuth-Scopes, X-Accepted-OAuth-Scopes, X-Poll-Interval, X-GitHub-Media-Type, X-GitHub-SSO, X-GitHub-Request-Id, Deprecation, Sunset', 'Access-Control-Allow-Origin': '*', 'Strict-Transport-Security': 'max-age=31536000; includeSubdomains; preload', 'X-Frame-Options': 'deny', 'X-Content-Type-Options': 'nosniff', 'X-XSS-Protection': '0', 'Referrer-Policy': 'origin-when-cross-origin, strict-origin-when-cross-origin', 'Content-Security-Policy': "default-src 'none'", 'Server': 'github.com', 'X-GitHub-Request-Id': 'FA9D:D9D1D:409EDC:4F55CE:67544E5D'} 
 body={"url":"https://api.github.com/repos/Barath-Git-Demo/MyIssueRepoAPI/issues/1","repository_url":"https://api.github.com/repos/Barath-Git-Demo/MyIssueRepoAPI","labels_url":"https://api.github.com/repos/Barath-Git-Demo/MyIssueRepoAPI/issues/1/labels{/name}","comments_url":"https://api.github.com/repos/Barath-Git-Demo/MyIssueRepoAPI/issues/1/comments","events_url":"https://api.github.com/repos/Barath-Git-Demo/MyIssueRepoAPI/issues/1/events","html_url":"https://github.com/Barath-Git-Demo/MyIssueRepoAPI/issues/1","id":2724596812,"node_id":"I_kwDONaRA886iZgxM","number":1,"title":"Test Issue Title","user":{"login":"Barath-Git-Demo","id":190746031,"node_id":"U_kgDOC16Nrw","avatar_url":"https://avatars.githubusercontent.com/u/190746031?v=4","gravatar_id":"","url":"https://api.github.com/users/Barath-Git-Demo","html_url":"https://github.com/Barath-Git-Demo","followers_url":"https://api.github.com/users/Barath-Git-Demo/followers","following_url":"https://api.github.com/users/Barath-Git-Demo/following{/other_user}","gists_url":"https://api.github.com/users/Barath-Git-Demo/gists{/gist_id}","starred_url":"https://api.github.com/users/Barath-Git-Demo/starred{/owner}{/repo}","subscriptions_url":"https://api.github.com/users/Barath-Git-Demo/subscriptions","organizations_url":"https://api.github.com/users/Barath-Git-Demo/orgs","repos_url":"https://api.github.com/users/Barath-Git-Demo/repos","events_url":"https://api.github.com/users/Barath-Git-Demo/events{/privacy}","received_events_url":"https://api.github.com/users/Barath-Git-Demo/received_events","type":"User","user_view_type":"public","site_admin":false},"labels":[],"state":"open","locked":false,"assignee":null,"assignees":[],"milestone":null,"comments":0,"created_at":"2024-12-07T13:32:13Z","updated_at":"2024-12-07T13:32:13Z","closed_at":null,"author_association":"OWNER","active_lock_reason":null,"body":"This is a test issue description.","closed_by":null,"reactions":{"url":"https://api.github.com/repos/Barath-Git-Demo/MyIssueRepoAPI/issues/1/reactions","total_count":0,"+1":0,"-1":0,"laugh":0,"hooray":0,"confused":0,"heart":0,"rocket":0,"eyes":0},"timeline_url":"https://api.github.com/repos/Barath-Git-Demo/MyIssueRepoAPI/issues/1/timeline","performed_via_github_app":null,"state_reason":null} 
 </msg>
<msg time="2024-12-07T19:02:13.556710" level="INFO">/Users/barathkumarj/Library/Python/3.9/lib/python/site-packages/urllib3/connectionpool.py:1099: InsecureRequestWarning: Unverified HTTPS request is being made to host 'api.github.com'. Adding certificate verification is strongly advised. See: https://urllib3.readthedocs.io/en/latest/advanced-usage.html#tls-warnings
  warnings.warn(</msg>
<msg time="2024-12-07T19:02:13.557018" level="INFO">${response} = &lt;Response [201]&gt;</msg>
<var>${response}</var>
<arg>github</arg>
<arg>/repos/Barath-Git-Demo/${repo_name}/issues</arg>
<arg>json=${payload}</arg>
<doc>*DEPRECATED* Please use `POST On Session` instead.</doc>
<status status="PASS" start="2024-12-07T19:02:12.973564" elapsed="0.583509"/>
</kw>
<kw name="Should Be Equal As Numbers" owner="BuiltIn">
<msg time="2024-12-07T19:02:13.558330" level="INFO">Argument types are:
&lt;class 'int'&gt;
&lt;class 'str'&gt;</msg>
<arg>${response.status_code}</arg>
<arg>201</arg>
<doc>Fails if objects are unequal after converting them to real numbers.</doc>
<status status="PASS" start="2024-12-07T19:02:13.557411" elapsed="0.001011"/>
</kw>
<kw name="Log" owner="BuiltIn">
[...]
<doc>Logs the given message to the console.</doc>
<status status="PASS" start="2024-12-07T19:03:11.709365" elapsed="0.000295"/>
</kw>
<kw name="Close The Browser" owner="common_keywords">
<kw name="Close Browser" owner="SeleniumLibrary">
<doc>Closes the current browser.</doc>
<status status="PASS" start="2024-12-07T19:03:11.710181" elapsed="0.099611"/>
</kw>
<status status="PASS" start="2024-12-07T19:03:11.709911" elapsed="0.099988"/>
</kw>
<kw name="Take Screenshot On Failure" owner="common_keywords" type="TEARDOWN">
<kw name="Capture Page Screenshot" owner="SeleniumLibrary">
<msg time="2024-12-07T19:03:11.810546" level="INFO">Cannot capture screenshot because no browser is open.</msg>
<arg>${OUTPUTDIR}/screenshots/${test_name}.png</arg>
<doc>Takes a screenshot of the current page and embeds it into a log file.</doc>
<status status="PASS" start="2024-12-07T19:03:11.810421" elapsed="0.000280"/>
</kw>
<arg>${TEST NAME}</arg>
<doc>Capture screenshots on test failure.</doc>
<status status="PASS" start="2024-12-07T19:03:11.810199" elapsed="0.000546"/>
</kw>
<status status="PASS" start="2024-12-07T19:03:03.384229" elapsed="8.426577"/>
</test>
<test id="s1-s2-s4-t2" name="Merge Pull Request" line="24">
<kw name="Open Browser To URL" owner="common_keywords">
<kw name="Open Browser" owner="SeleniumLibrary">
<msg time="2024-12-07T19:03:11.811511" level="INFO">Opening browser 'chrome' to base url 'https://github.com/login'.</msg>
<arg>${url}</arg>
<arg>chrome</arg>
<doc>Opens a new browser instance to the optional ``url``.</doc>
<status status="PASS" start="2024-12-07T19:03:11.811409" elapsed="0.977806"/>
</kw>
<kw name="Maximize Browser Window" owner="SeleniumLibrary">
<doc>Maximizes current browser window.</doc>
<status status="PASS" start="2024-12-07T19:03:12.789516" elapsed="0.342558"/>
</kw>
<kw name="Set Selenium Implicit Wait" owner="SeleniumLibrary">
<arg>10</arg>
<doc>Sets the implicit wait value used by Selenium.</doc>
<status status="PASS" start="2024-12-07T19:03:13.132407" elapsed="0.000863"/>
</kw>
<kw name="Wait Until Page Contains Element" owner="SeleniumLibrary">
<arg>//body</arg>
<doc>Waits until the element ``locator`` appears on the current page.</doc>
<status status="PASS" start="2024-12-07T19:03:13.133377" elapsed="0.006633"/>
</kw>
<arg>${LOGIN_PAGE}</arg>
<status status="PASS" start="2024-12-07T19:03:11.811236" elapsed="1.328863"/>
</kw>
<kw name="Login To GitHub" owner="common_keywords">
<kw name="Input Text" owner="SeleniumLibrary">
<msg time="2024-12-07T19:03:13.140751" level="INFO">Typing text 'Barath-Git-Demo' into text field 'id:login_field'.</msg>
<arg>${USERNAME_INPUT}</arg>
<arg>${username}</arg>
<doc>Types the given ``text`` into the text field identified by ``locator``.</doc>
<status status="PASS" start="2024-12-07T19:03:13.140596" elapsed="0.101412"/>
</kw>
<kw name="Input Text" owner="SeleniumLibrary">
<msg time="2024-12-07T19:03:13.242347" level="INFO">Typing text 'xygdyj-subQy6-buvmir' into text field 'id:password'.</msg>
<arg>${PASSWORD_INPUT}</arg>
<arg>${password}</arg>
<doc>Types the given ``text`` into the text field identified by ``locator``.</doc>
<status status="PASS" start="2024-12-07T19:03:13.242158" elapsed="0.038388"/>
</kw>
<kw name="Click Button" owner="SeleniumLibrary">
<msg time="2024-12-07T19:03:13.281047" level="INFO">Clicking button 'xpath://input[@name='commit']'.</msg>
<arg>${LOGIN_BUTTON}</arg>
<doc>Clicks the button identified by ``locator``.</doc>
<status status="PASS" start="2024-12-07T19:03:13.280775" elapsed="1.079057"/>
</kw>
<arg>${username}</arg>
<arg>${password}</arg>
<status status="PASS" start="2024-12-07T19:03:13.140324" elapsed="1.219687"/>
</kw>
<kw name="Navigate To Pull Tab" owner="common_keywords">
<kw name="Go To" owner="SeleniumLibrary">
<msg time="2024-12-07T19:03:14.360607" level="INFO">Opening url 'https://github.com/Barath-Git-Demo/DemoPullMerge'</msg>
<arg>https://github.com/${tab_name}</arg>
<doc>Navigates the current browser window to the provided ``url``.</doc>
<status status="PASS" start="2024-12-07T19:03:14.360474" elapsed="0.978966"/>
</kw>
<kw name="Click Element" owner="SeleniumLibrary">
<msg time="2024-12-07T19:03:15.340382" level="INFO">Clicking element 'xpath://span[text()='Pull requests']'.</msg>
<arg>xpath://span[text()='Pull requests']</arg>
<doc>Click the element identified by ``locator``.</doc>
<status status="PASS" start="2024-12-07T19:03:15.339653" elapsed="0.048974"/>
</kw>
<kw name="Wait Until Page Contains" owner="SeleniumLibrary">
<arg>Pull requests</arg>
<doc>Waits until ``text`` appears on the current page.</doc>
<status status="PASS" start="2024-12-07T19:03:15.388775" elapsed="0.007045"/>
</kw>
<arg>Barath-Git-Demo/DemoPullMerge</arg>
<status status="PASS" start="2024-12-07T19:03:14.360250" elapsed="1.035648"/>
</kw>
<kw name="Click Element" owner="SeleniumLibrary">
<msg time="2024-12-07T19:03:15.396701" level="INFO">Clicking element 'xpath:(//span[contains(text(),'Pull requests')])[2]'.</msg>
<arg>${PULL_REQUESTS_TAB}</arg>
<doc>Click the element identified by ``locator``.</doc>
<status status="PASS" start="2024-12-07T19:03:15.396482" elapsed="0.041703"/>
</kw>
<kw name="Click Element" owner="SeleniumLibrary">
<msg time="2024-12-07T19:03:15.438608" level="INFO">Clicking element 'xpath://span[contains(text(),'New pull request')]'.</msg>
<arg>${NEW_PULL_REQUEST_BUTTON}</arg>
<doc>Click the element identified by ``locator``.</doc>
<status status="PASS" start="2024-12-07T19:03:15.438416" elapsed="0.560073"/>
</kw>
<kw name="Wait Until Page Contains" owner="SeleniumLibrary">
<arg>Comparing changes</arg>
<doc>Waits until ``text`` appears on the current page.</doc>
<status status="PASS" start="2024-12-07T19:03:15.998704" elapsed="1.556000"/>
</kw>
<kw name="Click Element" owner="SeleniumLibrary">
<msg time="2024-12-07T19:03:17.555134" level="INFO">Clicking element 'id:head-ref-selector'.</msg>
<arg>id:head-ref-selector</arg>
<doc>Click the element identified by ``locator``.</doc>
<status status="PASS" start="2024-12-07T19:03:17.554958" elapsed="0.033820"/>
</kw>
<kw name="Click Element" owner="SeleniumLibrary">
<msg time="2024-12-07T19:03:17.589122" level="INFO">Clicking element 'xpath://span[text()='Barath-Git-Demo-patch-17']'.</msg>
<arg>xpath://span[text()='Barath-Git-Demo-patch-17']</arg>
<doc>Click the element identified by ``locator``.</doc>
<status status="PASS" start="2024-12-07T19:03:17.588982" elapsed="0.039980"/>
</kw>
<kw name="Click Button" owner="SeleniumLibrary">
<msg time="2024-12-07T19:03:17.629326" level="INFO">Clicking button 'xpath://button[contains(text(),'Create pull request')]'.</msg>
<arg>${CREATE_PR_BUTTON}</arg>
<doc>Clicks the button identified by ``locator``.</doc>
<status status="PASS" start="2024-12-07T19:03:17.629147" elapsed="1.012995"/>
</kw>
<kw name="Click Element" owner="SeleniumLibrary">
<msg time="2024-12-07T19:03:18.642715" level="INFO">Clicking element 'xpath://span[contains(text(),'Create pull request')]'.</msg>
<arg>${FINAL_PR_BUTTON}</arg>
<doc>Click the element identified by ``locator``.</doc>
<status status="PASS" start="2024-12-07T19:03:18.642509" elapsed="1.697294"/>
</kw>
<kw name="Wait Until Page Contains Element" owner="SeleniumLibrary">
<arg>${MERGE_PR_BUTTON}</arg>
<doc>Waits until the element ``locator`` appears on the current page.</doc>
<status status="PASS" start="2024-12-07T19:03:20.340131" elapsed="0.357184"/>
</kw>
<kw name="Sleep" owner="BuiltIn">
<msg time="2024-12-07T19:03:25.699619" level="INFO">Slept 5 seconds.</msg>
<arg>5</arg>
<doc>Pauses the test executed for the given time.</doc>
<status status="PASS" start="2024-12-07T19:03:20.697686" elapsed="5.002485"/>
</kw>
<kw name="Click Button" owner="SeleniumLibrary">
<msg time="2024-12-07T19:03:25.702380" level="INFO">Clicking button 'xpath://button[contains(text(),'Merge pull request')]'.</msg>
<arg>${MERGE_PR_BUTTON}</arg>
<doc>Clicks the button identified by ``locator``.</doc>
<status status="PASS" start="2024-12-07T19:03:25.701262" elapsed="0.059462"/>
</kw>
<kw name="Sleep" owner="BuiltIn">
<msg time="2024-12-07T19:03:30.763536" level="INFO">Slept 5 seconds.</msg>
<arg>5</arg>
<doc>Pauses the test executed for the given time.</doc>
<status status="PASS" start="2024-12-07T19:03:25.761114" elapsed="5.002938"/>
</kw>
<kw name="Click Button" owner="SeleniumLibrary">
<msg time="2024-12-07T19:03:30.766153" level="INFO">Clicking button 'xpath://button[contains(text(),'Confirm merge')]'.</msg>
<arg>${CONFIRM_MERGE_BUTTON}</arg>
<doc>Clicks the button identified by ``locator``.</doc>
<status status="PASS" start="2024-12-07T19:03:30.765060" elapsed="0.065375"/>
</kw>
<kw name="Log To Console" owner="BuiltIn">
<arg>Pull request successfully merged and Closed</arg>
<doc>Logs the given message to the console.</doc>
<status status="PASS" start="2024-12-07T19:03:30.830659" elapsed="0.000143"/>
</kw>
<kw name="Close The Browser" owner="common_keywords">
<kw name="Close Browser" owner="SeleniumLibrary">
<doc>Closes the current browser.</doc>
<status status="PASS" start="2024-12-07T19:03:30.831285" elapsed="0.104912"/>
</kw>
<status status="PASS" start="2024-12-07T19:03:30.830931" elapsed="0.105363"/>
</kw>
<kw name="Take Screenshot On Failure" owner="common_keywords" type="TEARDOWN">
<kw name="Capture Page Screenshot" owner="SeleniumLibrary">
<msg time="2024-12-07T19:03:30.936944" level="INFO">Cannot capture screenshot because no browser is open.</msg>
<arg>${OUTPUTDIR}/screenshots/${test_name}.png</arg>
<doc>Takes a screenshot of the current page and embeds it into a log file.</doc>
<status status="PASS" start="2024-12-07T19:03:30.936796" elapsed="0.000179"/>
</kw>
<arg>${TEST NAME}</arg>
<doc>Capture screenshots on test failure.</doc>
<status status="PASS" start="2024-12-07T19:03:30.936573" elapsed="0.000443"/>
</kw>
<status status="PASS" start="2024-12-07T19:03:11.811001" elapsed="19.126077"/>
</test>
<status status="PASS" start="2024-12-07T19:03:03.382256" elapsed="27.555136"/>
</suite>
<suite id="s1-s2-s5" name="05 Logout Test" source="/Users/barathkumarj/Ongoing-QA-Assignment/QA-Assignment/tests/ui_tests/05_logout_test.robot">
<test id="s1-s2-s5-t1" name="Login With Valid Credentials" line="9">
<kw name="Open Browser To URL" owner="common_keywords">
<kw name="Open Browser" owner="SeleniumLibrary">
<msg time="2024-12-07T19:03:30.939989" level="INFO">Opening browser 'chrome' to base url 'https://github.com/login'.</msg>
<arg>${url}</arg>
<arg>chrome</arg>
<doc>Opens a new browser instance to the optional ``url``.</doc>
<status status="PASS" start="2024-12-07T19:03:30.939883" elapsed="1.045288"/>
</kw>
<kw name="Maximize Browser Window" owner="SeleniumLibrary">
<doc>Maximizes current browser window.</doc>
<status status="PASS" start="2024-12-07T19:03:31.985439" elapsed="0.335151"/>
</kw>
<kw name="Set Selenium Implicit Wait" owner="SeleniumLibrary">
<arg>10</arg>
<doc>Sets the implicit wait value used by Selenium.</doc>
<status status="PASS" start="2024-12-07T19:03:32.320777" elapsed="0.000913"/>
</kw>
<kw name="Wait Until Page Contains Element" owner="SeleniumLibrary">
<arg>//body</arg>
<doc>Waits until the element ``locator`` appears on the current page.</doc>
<status status="PASS" start="2024-12-07T19:03:32.321830" elapsed="0.009243"/>
</kw>
<arg>${LOGIN_PAGE}</arg>
<status status="PASS" start="2024-12-07T19:03:30.939720" elapsed="1.391488"/>
</kw>
<kw name="Login To GitHub" owner="common_keywords">
<kw name="Input Text" owner="SeleniumLibrary">
<msg time="2024-12-07T19:03:32.332306" level="INFO">Typing text 'Barath-Git-Demo' into text field 'id:login_field'.</msg>
<arg>${USERNAME_INPUT}</arg>
<arg>${username}</arg>
<doc>Types the given ``text`` into the text field identified by ``locator``.</doc>
<status status="PASS" start="2024-12-07T19:03:32.332098" elapsed="0.099653"/>
</kw>
<kw name="Input Text" owner="SeleniumLibrary">
<msg time="2024-12-07T19:03:32.432125" level="INFO">Typing text 'xygdyj-subQy6-buvmir' into text field 'id:password'.</msg>
<arg>${PASSWORD_INPUT}</arg>
<arg>${password}</arg>
<doc>Types the given ``text`` into the text field identified by ``locator``.</doc>
<status status="PASS" start="2024-12-07T19:03:32.431907" elapsed="0.035938"/>
</kw>
<kw name="Click Button" owner="SeleniumLibrary">
<msg time="2024-12-07T19:03:32.468147" level="INFO">Clicking button 'xpath://input[@name='commit']'.</msg>
<arg>${LOGIN_BUTTON}</arg>
<doc>Clicks the button identified by ``locator``.</doc>
<status status="PASS" start="2024-12-07T19:03:32.467984" elapsed="1.569253"/>
</kw>
<arg>${username}</arg>
<arg>${password}</arg>
<status status="PASS" start="2024-12-07T19:03:32.331712" elapsed="1.705668"/>
</kw>
<kw name="Valid Assertion" owner="common_keywords">
<kw name="Wait Until Page Contains Element" owner="SeleniumLibrary">
<arg>//span[contains(text(), 'Dashboard')]</arg>
<doc>Waits until the element ``locator`` appears on the current page.</doc>
<status status="PASS" start="2024-12-07T19:03:34.037839" elapsed="0.005504"/>
</kw>
<status status="PASS" start="2024-12-07T19:03:34.037633" elapsed="0.006028"/>
</kw>
<kw name="Take Screenshot On Failure" owner="common_keywords" type="TEARDOWN">
<kw name="Capture Page Screenshot" owner="SeleniumLibrary">
<msg time="2024-12-07T19:03:34.222597" level="INFO" html="true">&lt;/td&gt;&lt;/tr&gt;&lt;tr&gt;&lt;td colspan="3"&gt;&lt;a href="screenshots/Login%20With%20Valid%20Credentials.png"&gt;&lt;img src="screenshots/Login%20With%20Valid%20Credentials.png" width="800px"&gt;&lt;/a&gt;</msg>
<arg>${OUTPUTDIR}/screenshots/${test_name}.png</arg>
<doc>Takes a screenshot of the current page and embeds it into a log file.</doc>
<status status="PASS" start="2024-12-07T19:03:34.044132" elapsed="0.178545"/>
</kw>
<arg>${TEST NAME}</arg>
<doc>Capture screenshots on test failure.</doc>
<status status="PASS" start="2024-12-07T19:03:34.043909" elapsed="0.178842"/>
</kw>
<status status="PASS" start="2024-12-07T19:03:30.939506" elapsed="3.283327"/>
</test>
<test id="s1-s2-s5-t2" name="Logout Github" line="14">
<kw name="Logout From GitHub" owner="common_keywords">
<kw name="Click Element" owner="SeleniumLibrary">
<msg time="2024-12-07T19:03:34.223597" level="INFO">Clicking element 'xpath://img[@class='avatar circle']'.</msg>
<arg>${PROFILE_MENU}</arg>
<doc>Click the element identified by ``locator``.</doc>
<status status="PASS" start="2024-12-07T19:03:34.223469" elapsed="0.053266"/>
</kw>
<kw name="Wait Until Element Is Visible" owner="SeleniumLibrary">
<arg>${LOGOUT_BUTTON}</arg>
<arg>timeout=5</arg>
<doc>Waits until the element ``locator`` is visible.</doc>
<status status="PASS" start="2024-12-07T19:03:34.276886" elapsed="0.226429"/>
</kw>
<kw name="Click Element" owner="SeleniumLibrary">
<msg time="2024-12-07T19:03:34.503693" level="INFO">Clicking element 'xpath://span[text()='Sign out']'.</msg>
<arg>${LOGOUT_BUTTON}</arg>
<doc>Click the element identified by ``locator``.</doc>
<status status="PASS" start="2024-12-07T19:03:34.503489" elapsed="0.036661"/>
</kw>
<kw name="Click Element" owner="SeleniumLibrary">
<msg time="2024-12-07T19:03:34.540439" level="INFO">Clicking element 'xpath://input[@value='Sign out']'.</msg>
<arg>xpath://input[@value='Sign out']</arg>
<doc>Click the element identified by ``locator``.</doc>
<status status="PASS" start="2024-12-07T19:03:34.540296" elapsed="1.085048"/>
</kw>
<kw name="Go To" owner="SeleniumLibrary">
<msg time="2024-12-07T19:03:35.625922" level="INFO">Opening url 'https://github.com/login'</msg>
<arg>https://github.com/login</arg>
<doc>Navigates the current browser window to the provided ``url``.</doc>
<status status="PASS" start="2024-12-07T19:03:35.625665" elapsed="0.673493"/>
</kw>
<kw name="Wait Until Page Contains Element" owner="SeleniumLibrary">
<arg>xpath=//h1[contains(text(), "Sign in to GitHub")]</arg>
<arg>timeout=5</arg>
<doc>Waits until the element ``locator`` appears on the current page.</doc>
<status status="PASS" start="2024-12-07T19:03:36.300667" elapsed="0.010991"/>
</kw>
<doc>Log out from GitHub.</doc>
<status status="PASS" start="2024-12-07T19:03:34.223306" elapsed="2.088476"/>
</kw>
<kw name="Take Screenshot On Failure" owner="common_keywords" type="TEARDOWN">
<kw name="Capture Page Screenshot" owner="SeleniumLibrary">
<msg time="2024-12-07T19:03:36.441704" level="INFO" html="true">&lt;/td&gt;&lt;/tr&gt;&lt;tr&gt;&lt;td colspan="3"&gt;&lt;a href="screenshots/Logout%20Github.png"&gt;&lt;img src="screenshots/Logout%20Github.png" width="800px"&gt;&lt;/a&gt;</msg>
<arg>${OUTPUTDIR}/screenshots/${test_name}.png</arg>
<doc>Takes a screenshot of the current page and embeds it into a log file.</doc>
<status status="PASS" start="2024-12-07T19:03:36.312451" elapsed="0.129329"/>
</kw>
<arg>${TEST NAME}</arg>
<doc>Capture screenshots on test failure.</doc>
<status status="PASS" start="2024-12-07T19:03:36.312187" elapsed="0.129672"/>
</kw>
<status status="PASS" start="2024-12-07T19:03:34.223043" elapsed="2.218896"/>
</test>
<status status="PASS" start="2024-12-07T19:03:30.937732" elapsed="5.504489"/>
</suite>
<status status="PASS" start="2024-12-07T19:02:17.607849" elapsed="78.834765"/>
</suite>
<status status="PASS" start="2024-12-07T19:02:09.331373" elapsed="87.111586"/>
</suite>
<statistics>
<total>
<stat pass="16" fail="0" skip="0">All Tests</stat>
</total>
<tag>
</tag>
<suite>
<stat pass="16" fail="0" skip="0" id="s1" name="Tests">Tests</stat>
<stat pass="7" fail="0" skip="0" id="s1-s1" name="Api Tests">Tests.Api Tests</stat>
<stat pass="3" fail="0" skip="0" id="s1-s1-s1" name="01 Repository Api Test">Tests.Api Tests.01 Repository Api Test</stat>
<stat pass="2" fail="0" skip="0" id="s1-s1-s2" name="02 Issues Api Test">Tests.Api Tests.02 Issues Api Test</stat>
<stat pass="2" fail="0" skip="0" id="s1-s1-s3" name="03 Pull Request Api">Tests.Api Tests.03 Pull Request Api</stat>
<stat pass="9" fail="0" skip="0" id="s1-s2" name="Ui Tests">Tests.Ui Tests</stat>
<stat pass="2" fail="0" skip="0" id="s1-s2-s1" name="01 Login Test">Tests.Ui Tests.01 Login Test</stat>
<stat pass="2" fail="0" skip="0" id="s1-s2-s2" name="02 Repositories Test">Tests.Ui Tests.02 Repositories Test</stat>
<stat pass="1" fail="0" skip="0" id="s1-s2-s3" name="03 Issue Tracking Test">Tests.Ui Tests.03 Issue Tracking Test</stat>
<stat pass="2" fail="0" skip="0" id="s1-s2-s4" name="04 Pull Request Test">Tests.Ui Tests.04 Pull Request Test</stat>
<stat pass="2" fail="0" skip="0" id="s1-s2-s5" name="05 Logout Test">Tests.Ui Tests.05 Logout Test</stat>
</suite>
</statistics>
<errors>
<msg time="2024-12-07T19:02:09.412460" level="WARN">Keyword 'RequestsLibrary.Post Request' is deprecated. Please use `POST On Session` instead.</msg>
<msg time="2024-12-07T19:02:10.593795" level="WARN">Keyword 'RequestsLibrary.Get Request' is deprecated. Please use `GET On Session` instead.</msg>
<msg time="2024-12-07T19:02:11.061638" level="WARN">Keyword 'RequestsLibrary.Post Request' is deprecated. Please use `POST On Session` instead.</msg>
<msg time="2024-12-07T19:02:11.981486" level="WARN">Keyword 'RequestsLibrary.Post Request' is deprecated. Please use `POST On Session` instead.</msg>
<msg time="2024-12-07T19:02:12.973600" level="WARN">Keyword 'RequestsLibrary.Post Request' is deprecated. Please use `POST On Session` instead.</msg>
<msg time="2024-12-07T19:02:13.563540" level="WARN">Keyword 'RequestsLibrary.Post Request' is deprecated. Please use `POST On Session` instead.</msg>
<msg time="2024-12-07T19:02:14.679688" level="WARN">Keyword 'RequestsLibrary.Post Request' is deprecated. Please use `POST On Session` instead.</msg>
<msg time="2024-12-07T19:02:15.289621" level="WARN">Keyword 'RequestsLibrary.Get Request' is deprecated. Please use `GET On Session` instead.</msg>
<msg time="2024-12-07T19:02:15.796507" level="WARN">Keyword 'RequestsLibrary.Post Request' is deprecated. Please use `POST On Session` instead.</msg>
<msg time="2024-12-07T19:02:17.094415" level="WARN">Keyword 'RequestsLibrary.Get Request' is deprecated. Please use `GET On Session` instead.</msg>
</errors>
</robot>
